
(C) [0=0]             23-OCT-11 19:02:16, SESSION:  548, SITE  97: S.O.S.F.O              [KOREARPT] DIVstatRPT.PAS    PAGE:     1

                                            D I V I S I O N  B A L A N C E  S T A T U S
                                            -------------------------------------------


          DIVISION   GROSS SALES      CANCELS    TOT SALES        CASHES    NET INCOME       DRAWS     RETURNS     BALANCE

SECOND 1 - A
                       108802150            0    108802150      73699050      35103100     7200900    42304000           0
SECOND 1 - B
                       177024890            0    177024890     142095560      34929330     9400000    44329330           0
SECOND 2 - A
                       153349580            0    153349580     100532750      52816830     3000000    55816830           0
SECOND 2 - B
                       173465410            0    173465410     148911290      24554120    22861000    47415120           0
SECOND 3 - A
                       167358080        35000    167323080     148013980      19309100    25010000    44319100           0
SECOND 3 - B
                       178939900            0    178939900     162896700      16043200    28100000    44143200           0
SECOND 4 - A
                       182195940            0    182195940     125320670      56875270    63870000   120745270           0
SECOND 4 - B
                       121973610            0    121973610     100082450      21891160    19300000    41191160           0
                    ------------  -----------  -----------  ------------  ------------  ----------  ----------  ----------
SECOND FLOOR
                      1263109560        35000   1263074560    1001552450     261522110   178741900   440264010           0

THIRD 1
                        29095700            0     29095700        650800      28444900           0    28444900           0
THIRD 3
                       113725740        80000    113645740      87420770      26224970    14603000    40827970           0
THIRD 4
                        74743430        50000     74693430      65036840       9656590     3360000    13016590           0
                    ------------  -----------  -----------  ------------  ------------  ----------  ----------  ----------
THIRD FLOOR
                       217564870       130000    217434870     153108410      64326460    17963000    82289460           0

FOURTH 1
                       156930650            0    156930650     122385200      34545450    13000000    47545450           0
FOURTH 3
                       155292440            0    155292440     113772130      41520310    11500000    53020310           0
FOURTH 4
                        87706140            0     87706140      66714090      20992050     7500000    28492050           0
                    ------------  -----------  -----------  ------------  ------------  ----------  ----------  ----------
FOURTH FLOOR
                       399929230            0    399929230     302871420      97057810    32000000   129057810           0

VIP 4
                        62552900            0     62552900      43051900      19501000    12607200    32108200           0
VIP 5 - A
                       104571980            0    104571980      72361680      32210300     6000000    38210300           0
                    ------------  -----------  -----------  ------------  ------------  ----------  ----------  ----------
VIP
                       167124880            0    167124880     115413580      51711300    18607200    70318500           0

ATL DIV 1
                       305163990            0    305163990      72027690     233136300    72027690   105474390   233136300
AWC
                               0            0            0     141018320    -141018320           0           0  -141018320
                    ------------  -----------  -----------  ------------  ------------  ----------  ----------  ----------
ATL WINDOWS
                       305163990            0    305163990     213046010      92117980    72027690   105474390    92117980

SECOND 1 - B
                        52543790            0     52543790      52543790             0           0           0           0
SECOND 3 - A
                       100805630            0    100805630     100805630             0           0           0           0
SECOND 4 - A
                        73869810            0     73869810      73869810             0           0           0           0
THIRD 1
                       112451710            0    112451710     112451710             0           0           0           0
THIRD 3
                       140288700            0    140288700     140288700             0           0           0           0
FOURTH 1
                        88725370            0     88725370      88725370             0           0           0           0
FOURTH 3
                       171444820            0    171444820     171444820             0           0           0           0
VIP 4
                        86998520            0     86998520      86998520             0           0           0           0
VIP 5 - A
                        79033600            0     79033600      79033600             0           0           0           0
VIP 5 BOOTH
                        76926180            0     76926180      76926180             0           0           0           0
                    ------------  -----------  -----------  ------------  ------------  ----------  ----------  ----------
SAM
                       983088130            0    983088130     983088130             0           0           0           0

                    ------------  -----------  -----------  ------------  ------------  ----------  ----------  ----------
GROUP
                      3335980660       165000   3335815660    2769080000     566735660   319339790   827404170    92117980
SW 1
                       172371050            0    172371050     112869650      59501400    15599590    75100990           0
SW 2
                       243704310            0    243704310     203292490      40411820    35008350    75420170           0
SW 3
                        83355450            0     83355450      61693110      21662340     3639690    25302030           0
SW 5
                       291864690       100000    291764690     252047170      39717520      100000    39817520           0
SW 6
                       364798920            0    364798920     317634050      47164870     3000000    50164870           0
SW 7
                       387396250            0    387396250     342696720      44699530     6000000    50699530           0
                    ------------  -----------  -----------  ------------  ------------  ----------  ----------  ----------
SUWON
                      1543490670       100000   1543390670    1290233190     253157480    63347630   316505110           0

SBG 1
                       320020870            0    320020870     258750010      61270860    28100000    89370860           0
SBG 2
                       178537381            0    178537381     133948491      44588890    17350001    61938891           0
SBG 3
                       430488920            0    430488920     350358680      80130240    33000000   113130240           0
SBG 4
                       421433720        80000    421353720     291506980     129846740    32000000   161846740           0
                    ------------  -----------  -----------  ------------  ------------  ----------  ----------  ----------
SANGBONG
                      1350480891        80000   1350400891    1034564161     315836730   110450001   426286731           0


(C) [0=0]             23-OCT-11 19:02:16, SESSION:  548, SITE  97: S.O.S.F.O              [KOREARPT] DIVstatRPT.PAS    PAGE:     2

                                            D I V I S I O N  B A L A N C E  S T A T U S
                                            -------------------------------------------


          DIVISION   GROSS SALES      CANCELS    TOT SALES        CASHES    NET INCOME       DRAWS     RETURNS     BALANCE

IS 1
                       187743460            0    187743460     134495880      53247580    13912000    67159580           0
IS 2
                       235397800            0    235397800     206886740      28511060    42210000    70721060           0
IS 3
                       220431750        60000    220371750     195041520      25330230      500000    25820000       10230
IS 4
                       224255090        18000    224237090     177554700      46682390    23114000    69806620      -10230
IS 5
                        90545840        60000     90485840      69884650      20601190     5502660    26103850           0
                    ------------  -----------  -----------  ------------  ------------  ----------  ----------  ----------
ILSAN
                       958373940       138000    958235940     783863490     174372450    85238660   259611110           0

BD 1
                       343069180            0    343069180     260818590      82250590    32265000   114515590           0
BD 2
                       364139950            0    364139950     264100710     100039240    38500000   138539240           0
BD 3
                       310032050            0    310032050     212097240      97934810    32405000   130339810           0
SAM
                       341405070            0    341405070     341405070             0           0           0           0
                    ------------  -----------  -----------  ------------  ------------  ----------  ----------  ----------
BUNDANG
                      1358646250            0   1358646250    1078421610     280224640   103170000   383394640           0

DDM 1
                       191729482        28000    191701482     154545232      37156250    15350000    52506250           0
DDM 2
                       195708850        15000    195693850     148687280      47006570    22175500    69182070           0
DDM 3
                       332737470        80000    332657470     304140260      28517210           0    28517210           0
                    ------------  -----------  -----------  ------------  ------------  ----------  ----------  ----------
DONGDAEMUN
                       720175802       123000    720052802     607372772     112680030    37525500   150205530           0

JA 2
                       385176460       116000    385060460     293645710      91414750    48385000   139799750           0
JA 3
                       397473450        80000    397393450     308240920      89152530    57900500   147053030           0
JA 4
                       337659300            0    337659300     240672780      96986520    29850500   126837020           0
JA 5
                       244472890            0    244472890     190816370      53656520    23500005    77156525           0
                    ------------  -----------  -----------  ------------  ------------  ----------  ----------  ----------
JANGAN
                      1364782100       196000   1364586100    1033375780     331210320   159636005   490846325           0

SBN 1
                       351781280            0    351781280     267207380      84573900    43844440   128418340           0
SBN 2
                       285791550            0    285791550     207268000      78523550    17450000    95973550           0
                    ------------  -----------  -----------  ------------  ------------  ----------  ----------  ----------
SANBON
                       637572830            0    637572830     474475380     163097450    61294440   224391890           0

BC 1
                       201985210        50000    201935210     149317930      52617280    33395250    86012530           0
BC 2
                       261971500            0    261971500     180502770      81468730    24705000   106173730           0
BC 3
                       294567780       100000    294467780     231148260      63319520    16025000    79344520           0
                    ------------  -----------  -----------  ------------  ------------  ----------  ----------  ----------
BUCHEON
                       758524490       150000    758374490     560968960     197405530    74125250   271530780           0

GA 1
                       178481930        75000    178406930     126341550      52065380    12210000    64275380           0
GA 2
                       210422750            0    210422750     145241920      65180830     9270000    74450830           0
GA 3
                       239281310        11000    239270310     179162310      60108000    39700000    99808000           0
                    ------------  -----------  -----------  ------------  ------------  ----------  ----------  ----------
GWANAK
                       628185990        86000    628099990     450745780     177354210    61180000   238534210           0

GE 1
                       141287500            0    141287500     107060410      34227090    10800000    45027090           0
GE 2
                       135227600            0    135227600      99262240      35965360    10850000    46815360           0
GE 3
                       131738150            0    131738150     106664940      25073210    10100000    35173210           0
GE 4
                       462409690        14200    462395490     412418250      49977240    10032000    60009240           0
GE 5
                        75223060            0     75223060      58669120      16553940    13000000    29553940           0
                    ------------  -----------  -----------  ------------  ------------  ----------  ----------  ----------
GIREUM
                       945886000        14200    945871800     784074960     161796840    54782000   216578840           0

DS 4
                       359289490        15000    359274490     316406900      42867590     9000000    51867590           0
DS 5
                       309486820        43000    309443820     262824530      46619290     4058000    50677290           0
DS 6
                       137838950            0    137838950     104877510      32961440    12500000    45461440           0
DS 7
                       301887600       100000    301787600     267648560      34139040    16500000    50639040           0
DS 8
                       375311500        82500    375229000     335611890      39617110    10000000    49617110           0
DS 9
                       135845220        50000    135795220     108583160      27212060    10300000    37512060           0
                    ------------  -----------  -----------  ------------  ------------  ----------  ----------  ----------
DANGSAN
                      1619659580       290500   1619369080    1395952550     223416530    62358000   285774530           0

YS 4
                       154517360            0    154517360     104861770      49655590     6687710    56343300           0
YS 5
                       139124550            0    139124550     114140380      24984170    28226040    53210210           0
YS 6
                       218079520            0    218079520     148793690      69285830    15603000    84888830           0
YS 7
                       137895600            0    137895600     107863650      30031950    14400500    44432450           0

(C) [0=0]             23-OCT-11 19:02:16, SESSION:  548, SITE  97: S.O.S.F.O              [KOREARPT] DIVstatRPT.PAS    PAGE:     3

                                            D I V I S I O N  B A L A N C E  S T A T U S
                                            -------------------------------------------


          DIVISION   GROSS SALES      CANCELS    TOT SALES        CASHES    NET INCOME       DRAWS     RETURNS     BALANCE

                    ------------  -----------  -----------  ------------  ------------  ----------  ----------  ----------
YUSEONG
                       649617030            0    649617030     475659490     173957540    64917250   238874790           0

IC 1
                       322589564            0    322589564     261267034      61322530    48700000   110022530           0
IC 2
                       155850700            0    155850700     113255990      42594710     7360000    49954710           0
                    ------------  -----------  -----------  ------------  ------------  ----------  ----------  ----------
INCHEON
                       478440264            0    478440264     374523024     103917240    56060000   159977240           0

SH 1
                       132303700            0    132303700     109457290      22846410    47837370    70683780           0
SH 2
                       190280250            0    190280250     143108510      47171740    43814790    90986530           0
SH 3
                       323496000            0    323496000     323496000             0           0           0           0
SH 4
                        73963700            0     73963700      52862000      21101700    11060400    32162100           0
SH 5
                        86683250            0     86683250      68269020      18414230    16134670    34548900           0
                    ------------  -----------  -----------  ------------  ------------  ----------  ----------  ----------
SIHEUNG
                       806726900            0    806726900     697192820     109534080   118847230   228381310           0

NH 1
                        99203530            0     99203530      63862590      35340940     9000000    44340940           0
NH 2
                        89414870            0     89414870      65803160      23611710     4000000    27611710           0
NH 3
                        44235000       100000     44135000      31754930      12380070    12000000    24380070           0
NH 4
                       196521780            0    196521780     151070660      45451120    22100000    67551120           0
SAM 1 - 1
                       110854950            0    110854950     110854950             0           0           0           0
SAM 2
                       110169280            0    110169280     110169280             0           0           0           0
SAM 4
                       121718040            0    121718040     121718040             0           0           0           0
                    ------------  -----------  -----------  ------------  ------------  ----------  ----------  ----------
NONHYEON
                       772117450       100000    772017450     655233610     116783840    47100000   163883840           0

CA 1
                        50690300            0     50690300      35742620      14947680     5287280    20234960           0
CA 2
                       143764930            0    143764930     111727000      32037930    10907230    42945160           0
CA 3
                       350922360            0    350922360     308231720      42690640      276000    42966640           0
CA 4
                       100575400        80000    100495400      75480980      25014420     3853000    28867420           0
                    ------------  -----------  -----------  ------------  ------------  ----------  ----------  ----------
CHEONAN
                       645952990        80000    645872990     531182320     114690670    20323510   135014180           0

OLP 1 - 1
                       256246660            0    256246660     210671500      45575160    49550000    95125160           0
OLP 1 - 2
                       197187540         4000    197183540     197183540             0           0           0           0
OLP 2
                       295388450            0    295388450     202880020      92508430     9500000   102008430           0
OLP 3
                       207027040            0    207027040     207027040             0           0           0           0
OLP 4 - 1
                       384037290         3000    384034290     331172680      52861610    15000000    67861610           0
OLP 5
                       404835240        20000    404815240     394263580      10551660    46260000    56811660           0
OLP 6
                       320394850            0    320394850     256423610      63971240    12500000    76471240           0
OLP 7
                       385909110        60000    385849110     328871380      56977730    39050000    96027730           0
OLP 8
                       355114240        50000    355064240     305307170      49757070    15366000    65123070           0
OLP 1 - 3
                       222287750            0    222287750     172002990      50284760    26455000    76739760           0
                    ------------  -----------  -----------  ------------  ------------  ----------  ----------  ----------
OLYMPIC
                      1028428170       137000   3028291170    2605803510     422487660   213681000   636168660           0

UJB 1
                       227301727        18000    227283727     212227447      15056280    49184143    64240423           0
UJB 2
                       113116880            0    113116880     113116880             0           0           0           0
UJB 3
                       364489800        38000    364451800     290027180      74424620           0    74424620           0
                    ------------  -----------  -----------  ------------  ------------  ----------  ----------  ----------
UIJEONGBU
                       704908407        56000    704852407     615371507      89480900    49184143   138665043           0

                    ------------  -----------  -----------  ------------  ------------  ----------  ----------  ----------
GROUP
                     18971969754      1550700  18970419054   15449014914    3521404140  1443220619  4964624759           0
                    ============  ===========  ===========  ============  ============  ==========  ==========  ==========
ASSOCIATION
                     22307950414      1715700  22306234714   18218094914    4088139800  1762560409  5792028929    92117980
