[10:14:37][INFO ](ContextLoader.java:272) - Root WebApplicationContext: initialization started
[10:14:37][INFO ](AbstractApplicationContext.java:503) - Refreshing Root WebApplicationContext: startup date [Wed Oct 08 10:14:37 KST 2014]; root of context hierarchy
[10:14:37][INFO ](XmlBeanDefinitionReader.java:315) - Loading XML bean definitions from ServletContext resource [/WEB-INF/config/mybatis-context.xml]
[10:14:37][INFO ](XmlBeanDefinitionReader.java:315) - Loading XML bean definitions from ServletContext resource [/WEB-INF/config/application-context.xml]
[10:14:37][INFO ](ClassPathScanningCandidateComponentProvider.java:203) - JSR-250 'javax.annotation.ManagedBean' found and supported for component scanning
[10:14:37][INFO ](PropertiesLoaderSupport.java:177) - Loading properties file from ServletContext resource [/WEB-INF/config/database.properties]
[10:14:37][INFO ](DefaultListableBeanFactory.java:577) - Pre-instantiating singletons in org.springframework.beans.factory.support.DefaultListableBeanFactory@1b82d69: defining beans [org.springframework.beans.factory.config.PropertyPlaceholderConfigurer#0,dataSource,sqlSessionFactory,sqlSession,transactionManager,transactionTemplate,org.springframework.aop.config.internalAutoProxyCreator,org.springframework.transaction.annotation.AnnotationTransactionAttributeSource#0,org.springframework.transaction.interceptor.TransactionInterceptor#0,org.springframework.transaction.config.internalTransactionAdvisor,boardDao,boardService,org.springframework.context.annotation.internalConfigurationAnnotationProcessor,org.springframework.context.annotation.internalAutowiredAnnotationProcessor,org.springframework.context.annotation.internalRequiredAnnotationProcessor,org.springframework.context.annotation.internalCommonAnnotationProcessor,org.springframework.context.annotation.ConfigurationClassPostProcessor.importAwareProcessor]; root of factory hierarchy
[10:14:38][INFO ](ContextLoader.java:312) - Root WebApplicationContext: initialization completed in 522 ms
[10:14:38][INFO ](FrameworkServlet.java:444) - FrameworkServlet 'appServlet': initialization started
[10:14:38][INFO ](AbstractApplicationContext.java:503) - Refreshing WebApplicationContext for namespace 'appServlet-servlet': startup date [Wed Oct 08 10:14:38 KST 2014]; parent: Root WebApplicationContext
[10:14:38][INFO ](XmlBeanDefinitionReader.java:315) - Loading XML bean definitions from ServletContext resource [/WEB-INF/config/spring-servlet.xml]
[10:14:38][INFO ](DefaultListableBeanFactory.java:577) - Pre-instantiating singletons in org.springframework.beans.factory.support.DefaultListableBeanFactory@1b3278a: defining beans [org.springframework.web.servlet.mvc.method.annotation.RequestMappingHandlerMapping#0,org.springframework.format.support.FormattingConversionServiceFactoryBean#0,org.springframework.web.servlet.mvc.method.annotation.RequestMappingHandlerAdapter#0,org.springframework.web.servlet.handler.MappedInterceptor#0,org.springframework.web.servlet.mvc.method.annotation.ExceptionHandlerExceptionResolver#0,org.springframework.web.servlet.mvc.annotation.ResponseStatusExceptionResolver#0,org.springframework.web.servlet.mvc.support.DefaultHandlerExceptionResolver#0,org.springframework.web.servlet.handler.BeanNameUrlHandlerMapping,org.springframework.web.servlet.mvc.HttpRequestHandlerAdapter,org.springframework.web.servlet.mvc.SimpleControllerHandlerAdapter,org.springframework.web.servlet.resource.ResourceHttpRequestHandler#0,org.springframework.web.servlet.handler.SimpleUrlHandlerMapping#0,boardController,reportController,org.springframework.context.annotation.internalConfigurationAnnotationProcessor,org.springframework.context.annotation.internalAutowiredAnnotationProcessor,org.springframework.context.annotation.internalRequiredAnnotationProcessor,org.springframework.context.annotation.internalCommonAnnotationProcessor,org.springframework.web.servlet.mvc.annotation.DefaultAnnotationHandlerMapping#0,org.springframework.web.servlet.view.InternalResourceViewResolver#0,viewMappings,org.springframework.web.servlet.handler.MappedInterceptor#1,org.springframework.context.annotation.ConfigurationClassPostProcessor.importAwareProcessor]; parent: org.springframework.beans.factory.support.DefaultListableBeanFactory@1b82d69
[10:14:38][INFO ](AbstractHandlerMethodMapping.java:186) - Mapped "{[/board/list.do],methods=[],params=[],headers=[],consumes=[],produces=[],custom=[]}" onto public org.springframework.web.servlet.ModelAndView com.hana.board.controller.BoardController.boardList(javax.servlet.http.HttpServletRequest)
[10:14:38][INFO ](AbstractHandlerMethodMapping.java:186) - Mapped "{[/board/gridList.do],methods=[],params=[],headers=[],consumes=[],produces=[],custom=[]}" onto public void com.hana.board.controller.BoardController.boardGridList(javax.servlet.http.HttpServletRequest,javax.servlet.http.HttpServletResponse) throws java.io.IOException
[10:14:38][INFO ](AbstractHandlerMethodMapping.java:186) - Mapped "{[/board/proc.do],methods=[],params=[],headers=[],consumes=[],produces=[],custom=[]}" onto public void com.hana.board.controller.BoardController.boardProc(javax.servlet.http.HttpServletRequest,javax.servlet.http.HttpServletResponse) throws java.lang.Exception
[10:14:38][INFO ](AbstractHandlerMethodMapping.java:186) - Mapped "{[/jasperDemo.do],methods=[GET],params=[],headers=[],consumes=[],produces=[],custom=[]}" onto public org.springframework.web.servlet.ModelAndView com.hana.jasper.controller.ReportController.jasperDemo(javax.servlet.http.HttpServletRequest) throws java.lang.Exception
[10:14:38][INFO ](AbstractUrlHandlerMapping.java:314) - Mapped URL path [/asset/**] onto handler 'org.springframework.web.servlet.resource.ResourceHttpRequestHandler#0'
[10:14:38][INFO ](AbstractUrlHandlerMapping.java:314) - Mapped URL path [/board/list.do] onto handler 'boardController'
[10:14:38][INFO ](AbstractUrlHandlerMapping.java:314) - Mapped URL path [/board/gridList.do] onto handler 'boardController'
[10:14:38][INFO ](AbstractUrlHandlerMapping.java:314) - Mapped URL path [/board/proc.do] onto handler 'boardController'
[10:14:38][INFO ](AbstractUrlHandlerMapping.java:314) - Mapped URL path [/jasperDemo.do] onto handler 'reportController'
[10:14:38][INFO ](FrameworkServlet.java:463) - FrameworkServlet 'appServlet': initialization completed in 290 ms
[10:14:53][DEBUG](JakartaCommonsLoggingImpl.java:27) - ooo Connection Opened
[10:14:53][DEBUG](JakartaCommonsLoggingImpl.java:27) - ==>  Executing: SELECT BNO,BTYPE,EMAIL,HOMEPAGE,TITLE,CONTENT,REG_ID,REGDATE,MOD_ID,MODDATE,DISPLAY_YN FROM BOARD WHERE BTYPE = ? AND DISPLAY_YN = ? 
[10:14:53][DEBUG](JakartaCommonsLoggingImpl.java:27) - ==> Parameters: A(String), Y(String)
[10:14:53][DEBUG](JakartaCommonsLoggingImpl.java:27) - <==    Columns: BNO, BTYPE, EMAIL, HOMEPAGE, TITLE, CONTENT, REG_ID, REGDATE, MOD_ID, MODDATE, DISPLAY_YN
[10:14:53][DEBUG](JakartaCommonsLoggingImpl.java:27) - <==        Row: 5, A, s2@naver.com, http://www.naver.com, 力格2, 郴侩2, admin, 2014-10-07 16:01:19.0, null, 2014-10-07 16:01:19.0, Y
[10:14:53][DEBUG](JakartaCommonsLoggingImpl.java:27) - <==        Row: 6, A, s3@naver.com, http://www.naver.com, 力格3, 郴侩3, admin, 2014-10-07 16:01:27.0, null, 2014-10-07 16:01:27.0, Y
[10:14:53][DEBUG](JakartaCommonsLoggingImpl.java:27) - <==        Row: 7, A, s4@naver.com, http://www.naver.com, 力格4, 郴侩4, admin, 2014-10-07 16:01:34.0, null, 2014-10-07 16:01:34.0, Y
[10:14:53][DEBUG](JakartaCommonsLoggingImpl.java:27) - <==        Row: 8, A, s5@naver.com, http://www.naver.com, 力格5, 郴侩5, admin, 2014-10-07 16:01:40.0, null, 2014-10-07 16:01:40.0, Y
[10:14:53][DEBUG](JakartaCommonsLoggingImpl.java:27) - <==        Row: 9, A, s6@naver.com, http://www.naver.com, 力格6, 郴侩6, admin, 2014-10-07 16:01:46.0, null, 2014-10-07 16:01:46.0, Y
[10:14:53][DEBUG](JakartaCommonsLoggingImpl.java:27) - <==        Row: 10, A, s7@naver.com, http://www.naver.com, 力格7, 郴侩7, admin, 2014-10-07 16:01:53.0, null, 2014-10-07 16:01:53.0, Y
[10:14:53][DEBUG](JakartaCommonsLoggingImpl.java:27) - <==        Row: 11, A, s8@naver.com, http://www.naver.com, 力格8, 郴侩8, admin, 2014-10-07 16:01:58.0, null, 2014-10-07 16:01:58.0, Y
[10:14:53][DEBUG](JakartaCommonsLoggingImpl.java:27) - <==        Row: 12, A, s9@naver.com, http://www.naver.com, 力格9, 郴侩9, admin, 2014-10-07 16:02:05.0, null, 2014-10-07 16:02:05.0, Y
[10:14:53][DEBUG](JakartaCommonsLoggingImpl.java:27) - <==        Row: 13, A, s10@naver.com, http://www.naver.com, 力格10, 郴侩10, admin, 2014-10-07 16:15:08.0, null, 2014-10-07 16:15:08.0, Y
[10:14:53][DEBUG](JakartaCommonsLoggingImpl.java:27) - <==        Row: 14, A, s11@naver.com1, http://www.naver.com, 力格111, 郴侩111, admin, 2014-10-07 16:15:14.0, admin, 2014-10-08 09:20:04.0, Y
[10:14:53][DEBUG](JakartaCommonsLoggingImpl.java:27) - <==        Row: 15, A, s12@naver.com, http://www.naver.com, 力格12, 郴侩12, admin, 2014-10-07 16:15:23.0, null, 2014-10-07 16:15:23.0, Y
[10:14:53][DEBUG](JakartaCommonsLoggingImpl.java:27) - <==        Row: 16, A, s13@naver.com, http://www.naver.com, 力格13, 郴侩13, admin, 2014-10-07 16:15:30.0, null, 2014-10-07 16:15:30.0, Y
[10:14:53][DEBUG](JakartaCommonsLoggingImpl.java:27) - <==        Row: 17, A, s14@naver.com, http://www.naver.com, 力格14, 郴侩14, admin, 2014-10-07 16:15:37.0, null, 2014-10-07 16:15:37.0, Y
[10:14:53][DEBUG](JakartaCommonsLoggingImpl.java:27) - <==        Row: 18, A, s15@naver.com, http://www.naver.com, 力格15, 郴侩15, admin, 2014-10-07 16:15:45.0, null, 2014-10-07 16:15:45.0, Y
[10:14:53][DEBUG](JakartaCommonsLoggingImpl.java:27) - <==        Row: 19, A, s16@naver.com, http://www.naver.com, 力格16, 郴侩16, admin, 2014-10-07 16:16:24.0, null, 2014-10-07 16:16:24.0, Y
[10:14:53][DEBUG](JakartaCommonsLoggingImpl.java:27) - <==        Row: 20, A, s17@naver.com, http://www.naver.com, 力格17, 郴侩17, admin, 2014-10-07 16:16:31.0, null, 2014-10-07 16:16:31.0, Y
[10:14:53][DEBUG](JakartaCommonsLoggingImpl.java:27) - <==        Row: 21, A, s18@naver.com, http://www.naver.com, 力格18, 郴侩18, admin, 2014-10-07 16:16:37.0, null, 2014-10-07 16:16:37.0, Y
[10:14:53][DEBUG](JakartaCommonsLoggingImpl.java:27) - <==        Row: 22, A, s19@naver.com, http://www.naver.com, 力格19, 郴侩19, admin, 2014-10-07 16:16:43.0, null, 2014-10-07 16:16:43.0, Y
[10:14:53][DEBUG](JakartaCommonsLoggingImpl.java:27) - <==        Row: 23, A, s20@naver.com, http://www.naver.com, 力格20, 郴侩201, admin, 2014-10-07 16:16:52.0, admin, 2014-10-07 16:25:19.0, Y
[10:14:53][INFO ](AbstractApplicationContext.java:503) - Refreshing org.springframework.web.context.support.GenericWebApplicationContext@d7a9c9: startup date [Wed Oct 08 10:14:53 KST 2014]; parent: WebApplicationContext for namespace 'appServlet-servlet'
[10:14:53][INFO ](DefaultListableBeanFactory.java:577) - Pre-instantiating singletons in org.springframework.beans.factory.support.DefaultListableBeanFactory@190725e: defining beans [multiformat-view.test]; parent: org.springframework.beans.factory.support.DefaultListableBeanFactory@1b3278a
[10:14:53][INFO ](AbstractJasperReportsView.java:506) - Compiling Jasper Report loaded from ServletContext resource [/WEB-INF/view/reports/report2.jrxml]
[10:16:45][INFO ](ContextLoader.java:272) - Root WebApplicationContext: initialization started
[10:16:46][INFO ](AbstractApplicationContext.java:503) - Refreshing Root WebApplicationContext: startup date [Wed Oct 08 10:16:46 KST 2014]; root of context hierarchy
[10:16:46][INFO ](XmlBeanDefinitionReader.java:315) - Loading XML bean definitions from ServletContext resource [/WEB-INF/config/mybatis-context.xml]
[10:16:46][INFO ](XmlBeanDefinitionReader.java:315) - Loading XML bean definitions from ServletContext resource [/WEB-INF/config/application-context.xml]
[10:16:46][INFO ](ClassPathScanningCandidateComponentProvider.java:203) - JSR-250 'javax.annotation.ManagedBean' found and supported for component scanning
[10:16:46][INFO ](PropertiesLoaderSupport.java:177) - Loading properties file from ServletContext resource [/WEB-INF/config/database.properties]
[10:16:46][INFO ](DefaultListableBeanFactory.java:577) - Pre-instantiating singletons in org.springframework.beans.factory.support.DefaultListableBeanFactory@74db2c: defining beans [org.springframework.beans.factory.config.PropertyPlaceholderConfigurer#0,dataSource,sqlSessionFactory,sqlSession,transactionManager,transactionTemplate,org.springframework.aop.config.internalAutoProxyCreator,org.springframework.transaction.annotation.AnnotationTransactionAttributeSource#0,org.springframework.transaction.interceptor.TransactionInterceptor#0,org.springframework.transaction.config.internalTransactionAdvisor,boardDao,boardService,org.springframework.context.annotation.internalConfigurationAnnotationProcessor,org.springframework.context.annotation.internalAutowiredAnnotationProcessor,org.springframework.context.annotation.internalRequiredAnnotationProcessor,org.springframework.context.annotation.internalCommonAnnotationProcessor,org.springframework.context.annotation.ConfigurationClassPostProcessor.importAwareProcessor]; root of factory hierarchy
[10:16:46][INFO ](ContextLoader.java:312) - Root WebApplicationContext: initialization completed in 526 ms
[10:16:46][INFO ](FrameworkServlet.java:444) - FrameworkServlet 'appServlet': initialization started
[10:16:46][INFO ](AbstractApplicationContext.java:503) - Refreshing WebApplicationContext for namespace 'appServlet-servlet': startup date [Wed Oct 08 10:16:46 KST 2014]; parent: Root WebApplicationContext
[10:16:46][INFO ](XmlBeanDefinitionReader.java:315) - Loading XML bean definitions from ServletContext resource [/WEB-INF/config/spring-servlet.xml]
[10:16:46][INFO ](DefaultListableBeanFactory.java:577) - Pre-instantiating singletons in org.springframework.beans.factory.support.DefaultListableBeanFactory@1a1f370: defining beans [org.springframework.web.servlet.mvc.method.annotation.RequestMappingHandlerMapping#0,org.springframework.format.support.FormattingConversionServiceFactoryBean#0,org.springframework.web.servlet.mvc.method.annotation.RequestMappingHandlerAdapter#0,org.springframework.web.servlet.handler.MappedInterceptor#0,org.springframework.web.servlet.mvc.method.annotation.ExceptionHandlerExceptionResolver#0,org.springframework.web.servlet.mvc.annotation.ResponseStatusExceptionResolver#0,org.springframework.web.servlet.mvc.support.DefaultHandlerExceptionResolver#0,org.springframework.web.servlet.handler.BeanNameUrlHandlerMapping,org.springframework.web.servlet.mvc.HttpRequestHandlerAdapter,org.springframework.web.servlet.mvc.SimpleControllerHandlerAdapter,org.springframework.web.servlet.resource.ResourceHttpRequestHandler#0,org.springframework.web.servlet.handler.SimpleUrlHandlerMapping#0,boardController,reportController,org.springframework.context.annotation.internalConfigurationAnnotationProcessor,org.springframework.context.annotation.internalAutowiredAnnotationProcessor,org.springframework.context.annotation.internalRequiredAnnotationProcessor,org.springframework.context.annotation.internalCommonAnnotationProcessor,org.springframework.web.servlet.mvc.annotation.DefaultAnnotationHandlerMapping#0,org.springframework.web.servlet.view.InternalResourceViewResolver#0,viewMappings,org.springframework.web.servlet.handler.MappedInterceptor#1,org.springframework.context.annotation.ConfigurationClassPostProcessor.importAwareProcessor]; parent: org.springframework.beans.factory.support.DefaultListableBeanFactory@74db2c
[10:16:46][INFO ](AbstractHandlerMethodMapping.java:186) - Mapped "{[/board/list.do],methods=[],params=[],headers=[],consumes=[],produces=[],custom=[]}" onto public org.springframework.web.servlet.ModelAndView com.hana.board.controller.BoardController.boardList(javax.servlet.http.HttpServletRequest)
[10:16:46][INFO ](AbstractHandlerMethodMapping.java:186) - Mapped "{[/board/gridList.do],methods=[],params=[],headers=[],consumes=[],produces=[],custom=[]}" onto public void com.hana.board.controller.BoardController.boardGridList(javax.servlet.http.HttpServletRequest,javax.servlet.http.HttpServletResponse) throws java.io.IOException
[10:16:46][INFO ](AbstractHandlerMethodMapping.java:186) - Mapped "{[/board/proc.do],methods=[],params=[],headers=[],consumes=[],produces=[],custom=[]}" onto public void com.hana.board.controller.BoardController.boardProc(javax.servlet.http.HttpServletRequest,javax.servlet.http.HttpServletResponse) throws java.lang.Exception
[10:16:46][INFO ](AbstractHandlerMethodMapping.java:186) - Mapped "{[/jasperDemo.do],methods=[GET],params=[],headers=[],consumes=[],produces=[],custom=[]}" onto public org.springframework.web.servlet.ModelAndView com.hana.jasper.controller.ReportController.jasperDemo(javax.servlet.http.HttpServletRequest) throws java.lang.Exception
[10:16:46][INFO ](AbstractUrlHandlerMapping.java:314) - Mapped URL path [/asset/**] onto handler 'org.springframework.web.servlet.resource.ResourceHttpRequestHandler#0'
[10:16:46][INFO ](AbstractUrlHandlerMapping.java:314) - Mapped URL path [/board/list.do] onto handler 'boardController'
[10:16:46][INFO ](AbstractUrlHandlerMapping.java:314) - Mapped URL path [/board/gridList.do] onto handler 'boardController'
[10:16:46][INFO ](AbstractUrlHandlerMapping.java:314) - Mapped URL path [/board/proc.do] onto handler 'boardController'
[10:16:46][INFO ](AbstractUrlHandlerMapping.java:314) - Mapped URL path [/jasperDemo.do] onto handler 'reportController'
[10:16:46][INFO ](FrameworkServlet.java:463) - FrameworkServlet 'appServlet': initialization completed in 288 ms
[10:16:53][INFO ](ContextLoader.java:272) - Root WebApplicationContext: initialization started
[10:16:53][INFO ](AbstractApplicationContext.java:503) - Refreshing Root WebApplicationContext: startup date [Wed Oct 08 10:16:53 KST 2014]; root of context hierarchy
[10:16:53][INFO ](XmlBeanDefinitionReader.java:315) - Loading XML bean definitions from ServletContext resource [/WEB-INF/config/mybatis-context.xml]
[10:16:54][INFO ](XmlBeanDefinitionReader.java:315) - Loading XML bean definitions from ServletContext resource [/WEB-INF/config/application-context.xml]
[10:16:54][INFO ](ClassPathScanningCandidateComponentProvider.java:203) - JSR-250 'javax.annotation.ManagedBean' found and supported for component scanning
[10:16:54][INFO ](PropertiesLoaderSupport.java:177) - Loading properties file from ServletContext resource [/WEB-INF/config/database.properties]
[10:16:54][INFO ](DefaultListableBeanFactory.java:577) - Pre-instantiating singletons in org.springframework.beans.factory.support.DefaultListableBeanFactory@1706eb7: defining beans [org.springframework.beans.factory.config.PropertyPlaceholderConfigurer#0,dataSource,sqlSessionFactory,sqlSession,transactionManager,transactionTemplate,org.springframework.aop.config.internalAutoProxyCreator,org.springframework.transaction.annotation.AnnotationTransactionAttributeSource#0,org.springframework.transaction.interceptor.TransactionInterceptor#0,org.springframework.transaction.config.internalTransactionAdvisor,boardDao,boardService,org.springframework.context.annotation.internalConfigurationAnnotationProcessor,org.springframework.context.annotation.internalAutowiredAnnotationProcessor,org.springframework.context.annotation.internalRequiredAnnotationProcessor,org.springframework.context.annotation.internalCommonAnnotationProcessor,org.springframework.context.annotation.ConfigurationClassPostProcessor.importAwareProcessor]; root of factory hierarchy
[10:16:54][INFO ](ContextLoader.java:312) - Root WebApplicationContext: initialization completed in 533 ms
[10:16:54][INFO ](FrameworkServlet.java:444) - FrameworkServlet 'appServlet': initialization started
[10:16:54][INFO ](AbstractApplicationContext.java:503) - Refreshing WebApplicationContext for namespace 'appServlet-servlet': startup date [Wed Oct 08 10:16:54 KST 2014]; parent: Root WebApplicationContext
[10:16:54][INFO ](XmlBeanDefinitionReader.java:315) - Loading XML bean definitions from ServletContext resource [/WEB-INF/config/spring-servlet.xml]
[10:16:54][INFO ](DefaultListableBeanFactory.java:577) - Pre-instantiating singletons in org.springframework.beans.factory.support.DefaultListableBeanFactory@1f2be27: defining beans [org.springframework.web.servlet.mvc.method.annotation.RequestMappingHandlerMapping#0,org.springframework.format.support.FormattingConversionServiceFactoryBean#0,org.springframework.web.servlet.mvc.method.annotation.RequestMappingHandlerAdapter#0,org.springframework.web.servlet.handler.MappedInterceptor#0,org.springframework.web.servlet.mvc.method.annotation.ExceptionHandlerExceptionResolver#0,org.springframework.web.servlet.mvc.annotation.ResponseStatusExceptionResolver#0,org.springframework.web.servlet.mvc.support.DefaultHandlerExceptionResolver#0,org.springframework.web.servlet.handler.BeanNameUrlHandlerMapping,org.springframework.web.servlet.mvc.HttpRequestHandlerAdapter,org.springframework.web.servlet.mvc.SimpleControllerHandlerAdapter,org.springframework.web.servlet.resource.ResourceHttpRequestHandler#0,org.springframework.web.servlet.handler.SimpleUrlHandlerMapping#0,boardController,reportController,org.springframework.context.annotation.internalConfigurationAnnotationProcessor,org.springframework.context.annotation.internalAutowiredAnnotationProcessor,org.springframework.context.annotation.internalRequiredAnnotationProcessor,org.springframework.context.annotation.internalCommonAnnotationProcessor,org.springframework.web.servlet.mvc.annotation.DefaultAnnotationHandlerMapping#0,org.springframework.web.servlet.view.InternalResourceViewResolver#0,viewMappings,org.springframework.web.servlet.handler.MappedInterceptor#1,org.springframework.context.annotation.ConfigurationClassPostProcessor.importAwareProcessor]; parent: org.springframework.beans.factory.support.DefaultListableBeanFactory@1706eb7
[10:16:54][INFO ](AbstractHandlerMethodMapping.java:186) - Mapped "{[/board/list.do],methods=[],params=[],headers=[],consumes=[],produces=[],custom=[]}" onto public org.springframework.web.servlet.ModelAndView com.hana.board.controller.BoardController.boardList(javax.servlet.http.HttpServletRequest)
[10:16:54][INFO ](AbstractHandlerMethodMapping.java:186) - Mapped "{[/board/gridList.do],methods=[],params=[],headers=[],consumes=[],produces=[],custom=[]}" onto public void com.hana.board.controller.BoardController.boardGridList(javax.servlet.http.HttpServletRequest,javax.servlet.http.HttpServletResponse) throws java.io.IOException
[10:16:54][INFO ](AbstractHandlerMethodMapping.java:186) - Mapped "{[/board/proc.do],methods=[],params=[],headers=[],consumes=[],produces=[],custom=[]}" onto public void com.hana.board.controller.BoardController.boardProc(javax.servlet.http.HttpServletRequest,javax.servlet.http.HttpServletResponse) throws java.lang.Exception
[10:16:54][INFO ](AbstractHandlerMethodMapping.java:186) - Mapped "{[/jasperDemo.do],methods=[GET],params=[],headers=[],consumes=[],produces=[],custom=[]}" onto public org.springframework.web.servlet.ModelAndView com.hana.jasper.controller.ReportController.jasperDemo(javax.servlet.http.HttpServletRequest) throws java.lang.Exception
[10:16:54][INFO ](AbstractUrlHandlerMapping.java:314) - Mapped URL path [/asset/**] onto handler 'org.springframework.web.servlet.resource.ResourceHttpRequestHandler#0'
[10:16:54][INFO ](AbstractUrlHandlerMapping.java:314) - Mapped URL path [/board/list.do] onto handler 'boardController'
[10:16:54][INFO ](AbstractUrlHandlerMapping.java:314) - Mapped URL path [/board/gridList.do] onto handler 'boardController'
[10:16:54][INFO ](AbstractUrlHandlerMapping.java:314) - Mapped URL path [/board/proc.do] onto handler 'boardController'
[10:16:54][INFO ](AbstractUrlHandlerMapping.java:314) - Mapped URL path [/jasperDemo.do] onto handler 'reportController'
[10:16:54][INFO ](FrameworkServlet.java:463) - FrameworkServlet 'appServlet': initialization completed in 288 ms
[10:17:04][DEBUG](JakartaCommonsLoggingImpl.java:27) - ooo Connection Opened
[10:17:04][DEBUG](JakartaCommonsLoggingImpl.java:27) - ==>  Executing: SELECT BNO,BTYPE,EMAIL,HOMEPAGE,TITLE,CONTENT,REG_ID,REGDATE,MOD_ID,MODDATE,DISPLAY_YN FROM BOARD WHERE BTYPE = ? AND DISPLAY_YN = ? 
[10:17:04][DEBUG](JakartaCommonsLoggingImpl.java:27) - ==> Parameters: A(String), Y(String)
[10:17:04][DEBUG](JakartaCommonsLoggingImpl.java:27) - <==    Columns: BNO, BTYPE, EMAIL, HOMEPAGE, TITLE, CONTENT, REG_ID, REGDATE, MOD_ID, MODDATE, DISPLAY_YN
[10:17:04][DEBUG](JakartaCommonsLoggingImpl.java:27) - <==        Row: 5, A, s2@naver.com, http://www.naver.com, 力格2, 郴侩2, admin, 2014-10-07 16:01:19.0, null, 2014-10-07 16:01:19.0, Y
[10:17:04][DEBUG](JakartaCommonsLoggingImpl.java:27) - <==        Row: 6, A, s3@naver.com, http://www.naver.com, 力格3, 郴侩3, admin, 2014-10-07 16:01:27.0, null, 2014-10-07 16:01:27.0, Y
[10:17:04][DEBUG](JakartaCommonsLoggingImpl.java:27) - <==        Row: 7, A, s4@naver.com, http://www.naver.com, 力格4, 郴侩4, admin, 2014-10-07 16:01:34.0, null, 2014-10-07 16:01:34.0, Y
[10:17:04][DEBUG](JakartaCommonsLoggingImpl.java:27) - <==        Row: 8, A, s5@naver.com, http://www.naver.com, 力格5, 郴侩5, admin, 2014-10-07 16:01:40.0, null, 2014-10-07 16:01:40.0, Y
[10:17:04][DEBUG](JakartaCommonsLoggingImpl.java:27) - <==        Row: 9, A, s6@naver.com, http://www.naver.com, 力格6, 郴侩6, admin, 2014-10-07 16:01:46.0, null, 2014-10-07 16:01:46.0, Y
[10:17:04][DEBUG](JakartaCommonsLoggingImpl.java:27) - <==        Row: 10, A, s7@naver.com, http://www.naver.com, 力格7, 郴侩7, admin, 2014-10-07 16:01:53.0, null, 2014-10-07 16:01:53.0, Y
[10:17:04][DEBUG](JakartaCommonsLoggingImpl.java:27) - <==        Row: 11, A, s8@naver.com, http://www.naver.com, 力格8, 郴侩8, admin, 2014-10-07 16:01:58.0, null, 2014-10-07 16:01:58.0, Y
[10:17:04][DEBUG](JakartaCommonsLoggingImpl.java:27) - <==        Row: 12, A, s9@naver.com, http://www.naver.com, 力格9, 郴侩9, admin, 2014-10-07 16:02:05.0, null, 2014-10-07 16:02:05.0, Y
[10:17:04][DEBUG](JakartaCommonsLoggingImpl.java:27) - <==        Row: 13, A, s10@naver.com, http://www.naver.com, 力格10, 郴侩10, admin, 2014-10-07 16:15:08.0, null, 2014-10-07 16:15:08.0, Y
[10:17:04][DEBUG](JakartaCommonsLoggingImpl.java:27) - <==        Row: 14, A, s11@naver.com1, http://www.naver.com, 力格111, 郴侩111, admin, 2014-10-07 16:15:14.0, admin, 2014-10-08 09:20:04.0, Y
[10:17:04][DEBUG](JakartaCommonsLoggingImpl.java:27) - <==        Row: 15, A, s12@naver.com, http://www.naver.com, 力格12, 郴侩12, admin, 2014-10-07 16:15:23.0, null, 2014-10-07 16:15:23.0, Y
[10:17:04][DEBUG](JakartaCommonsLoggingImpl.java:27) - <==        Row: 16, A, s13@naver.com, http://www.naver.com, 力格13, 郴侩13, admin, 2014-10-07 16:15:30.0, null, 2014-10-07 16:15:30.0, Y
[10:17:04][DEBUG](JakartaCommonsLoggingImpl.java:27) - <==        Row: 17, A, s14@naver.com, http://www.naver.com, 力格14, 郴侩14, admin, 2014-10-07 16:15:37.0, null, 2014-10-07 16:15:37.0, Y
[10:17:04][DEBUG](JakartaCommonsLoggingImpl.java:27) - <==        Row: 18, A, s15@naver.com, http://www.naver.com, 力格15, 郴侩15, admin, 2014-10-07 16:15:45.0, null, 2014-10-07 16:15:45.0, Y
[10:17:04][DEBUG](JakartaCommonsLoggingImpl.java:27) - <==        Row: 19, A, s16@naver.com, http://www.naver.com, 力格16, 郴侩16, admin, 2014-10-07 16:16:24.0, null, 2014-10-07 16:16:24.0, Y
[10:17:04][DEBUG](JakartaCommonsLoggingImpl.java:27) - <==        Row: 20, A, s17@naver.com, http://www.naver.com, 力格17, 郴侩17, admin, 2014-10-07 16:16:31.0, null, 2014-10-07 16:16:31.0, Y
[10:17:04][DEBUG](JakartaCommonsLoggingImpl.java:27) - <==        Row: 21, A, s18@naver.com, http://www.naver.com, 力格18, 郴侩18, admin, 2014-10-07 16:16:37.0, null, 2014-10-07 16:16:37.0, Y
[10:17:04][DEBUG](JakartaCommonsLoggingImpl.java:27) - <==        Row: 22, A, s19@naver.com, http://www.naver.com, 力格19, 郴侩19, admin, 2014-10-07 16:16:43.0, null, 2014-10-07 16:16:43.0, Y
[10:17:04][DEBUG](JakartaCommonsLoggingImpl.java:27) - <==        Row: 23, A, s20@naver.com, http://www.naver.com, 力格20, 郴侩201, admin, 2014-10-07 16:16:52.0, admin, 2014-10-07 16:25:19.0, Y
[10:17:04][INFO ](AbstractApplicationContext.java:503) - Refreshing org.springframework.web.context.support.GenericWebApplicationContext@1eb1db2: startup date [Wed Oct 08 10:17:04 KST 2014]; parent: WebApplicationContext for namespace 'appServlet-servlet'
[10:17:04][INFO ](DefaultListableBeanFactory.java:577) - Pre-instantiating singletons in org.springframework.beans.factory.support.DefaultListableBeanFactory@113108b: defining beans [multiformat-view.test]; parent: org.springframework.beans.factory.support.DefaultListableBeanFactory@1f2be27
[10:17:04][INFO ](AbstractJasperReportsView.java:506) - Compiling Jasper Report loaded from ServletContext resource [/WEB-INF/view/reports/report2.jrxml]
[10:17:06][DEBUG](JakartaCommonsLoggingImpl.java:27) - ooo Connection Opened
[10:17:06][DEBUG](JakartaCommonsLoggingImpl.java:27) - ==>  Executing: SELECT * FROM (SELECT T0.*, FLOOR((ROWNUM - 1) / ? + 1) PAGE FROM ( SELECT BNO,BTYPE,EMAIL,HOMEPAGE,TITLE,CONTENT,REG_ID,REGDATE,MOD_ID,MODDATE,DISPLAY_YN FROM BOARD WHERE BTYPE = ? AND DISPLAY_YN = ? ) T0 ) WHERE PAGE = ? 
[10:17:06][DEBUG](JakartaCommonsLoggingImpl.java:27) - ==> Parameters: 10(String), A(String), Y(String), 1(String)
[10:17:06][DEBUG](JakartaCommonsLoggingImpl.java:27) - <==    Columns: BNO, BTYPE, EMAIL, HOMEPAGE, TITLE, CONTENT, REG_ID, REGDATE, MOD_ID, MODDATE, DISPLAY_YN, PAGE
[10:17:06][DEBUG](JakartaCommonsLoggingImpl.java:27) - <==        Row: 5, A, s2@naver.com, http://www.naver.com, 力格2, 郴侩2, admin, 2014-10-07 16:01:19.0, null, 2014-10-07 16:01:19.0, Y, 1
[10:17:06][DEBUG](JakartaCommonsLoggingImpl.java:27) - <==        Row: 6, A, s3@naver.com, http://www.naver.com, 力格3, 郴侩3, admin, 2014-10-07 16:01:27.0, null, 2014-10-07 16:01:27.0, Y, 1
[10:17:06][DEBUG](JakartaCommonsLoggingImpl.java:27) - <==        Row: 7, A, s4@naver.com, http://www.naver.com, 力格4, 郴侩4, admin, 2014-10-07 16:01:34.0, null, 2014-10-07 16:01:34.0, Y, 1
[10:17:06][DEBUG](JakartaCommonsLoggingImpl.java:27) - <==        Row: 8, A, s5@naver.com, http://www.naver.com, 力格5, 郴侩5, admin, 2014-10-07 16:01:40.0, null, 2014-10-07 16:01:40.0, Y, 1
[10:17:06][DEBUG](JakartaCommonsLoggingImpl.java:27) - <==        Row: 9, A, s6@naver.com, http://www.naver.com, 力格6, 郴侩6, admin, 2014-10-07 16:01:46.0, null, 2014-10-07 16:01:46.0, Y, 1
[10:17:06][DEBUG](JakartaCommonsLoggingImpl.java:27) - <==        Row: 10, A, s7@naver.com, http://www.naver.com, 力格7, 郴侩7, admin, 2014-10-07 16:01:53.0, null, 2014-10-07 16:01:53.0, Y, 1
[10:17:06][DEBUG](JakartaCommonsLoggingImpl.java:27) - <==        Row: 11, A, s8@naver.com, http://www.naver.com, 力格8, 郴侩8, admin, 2014-10-07 16:01:58.0, null, 2014-10-07 16:01:58.0, Y, 1
[10:17:06][DEBUG](JakartaCommonsLoggingImpl.java:27) - <==        Row: 12, A, s9@naver.com, http://www.naver.com, 力格9, 郴侩9, admin, 2014-10-07 16:02:05.0, null, 2014-10-07 16:02:05.0, Y, 1
[10:17:06][DEBUG](JakartaCommonsLoggingImpl.java:27) - <==        Row: 13, A, s10@naver.com, http://www.naver.com, 力格10, 郴侩10, admin, 2014-10-07 16:15:08.0, null, 2014-10-07 16:15:08.0, Y, 1
[10:17:06][DEBUG](JakartaCommonsLoggingImpl.java:27) - <==        Row: 14, A, s11@naver.com1, http://www.naver.com, 力格111, 郴侩111, admin, 2014-10-07 16:15:14.0, admin, 2014-10-08 09:20:04.0, Y, 1
[10:17:06][DEBUG](JakartaCommonsLoggingImpl.java:27) - ooo Connection Opened
[10:17:06][DEBUG](JakartaCommonsLoggingImpl.java:27) - ==>  Executing: SELECT COUNT(*) FROM BOARD WHERE BTYPE = ? AND DISPLAY_YN = ? 
[10:17:06][DEBUG](JakartaCommonsLoggingImpl.java:27) - ==> Parameters: A(String), Y(String)
[10:17:06][DEBUG](JakartaCommonsLoggingImpl.java:27) - <==    Columns: COUNT(*)
[10:17:06][DEBUG](JakartaCommonsLoggingImpl.java:27) - <==        Row: 19
[10:17:15][DEBUG](JakartaCommonsLoggingImpl.java:27) - ooo Connection Opened
[10:17:15][DEBUG](JakartaCommonsLoggingImpl.java:27) - ==>  Executing: SELECT BNO,BTYPE,EMAIL,HOMEPAGE,TITLE,CONTENT,REG_ID,REGDATE,MOD_ID,MODDATE,DISPLAY_YN FROM BOARD WHERE BTYPE = ? AND DISPLAY_YN = ? 
[10:17:15][DEBUG](JakartaCommonsLoggingImpl.java:27) - ==> Parameters: A(String), Y(String)
[10:17:15][DEBUG](JakartaCommonsLoggingImpl.java:27) - <==    Columns: BNO, BTYPE, EMAIL, HOMEPAGE, TITLE, CONTENT, REG_ID, REGDATE, MOD_ID, MODDATE, DISPLAY_YN
[10:17:15][DEBUG](JakartaCommonsLoggingImpl.java:27) - <==        Row: 5, A, s2@naver.com, http://www.naver.com, 力格2, 郴侩2, admin, 2014-10-07 16:01:19.0, null, 2014-10-07 16:01:19.0, Y
[10:17:15][DEBUG](JakartaCommonsLoggingImpl.java:27) - <==        Row: 6, A, s3@naver.com, http://www.naver.com, 力格3, 郴侩3, admin, 2014-10-07 16:01:27.0, null, 2014-10-07 16:01:27.0, Y
[10:17:15][DEBUG](JakartaCommonsLoggingImpl.java:27) - <==        Row: 7, A, s4@naver.com, http://www.naver.com, 力格4, 郴侩4, admin, 2014-10-07 16:01:34.0, null, 2014-10-07 16:01:34.0, Y
[10:17:15][DEBUG](JakartaCommonsLoggingImpl.java:27) - <==        Row: 8, A, s5@naver.com, http://www.naver.com, 力格5, 郴侩5, admin, 2014-10-07 16:01:40.0, null, 2014-10-07 16:01:40.0, Y
[10:17:15][DEBUG](JakartaCommonsLoggingImpl.java:27) - <==        Row: 9, A, s6@naver.com, http://www.naver.com, 力格6, 郴侩6, admin, 2014-10-07 16:01:46.0, null, 2014-10-07 16:01:46.0, Y
[10:17:15][DEBUG](JakartaCommonsLoggingImpl.java:27) - <==        Row: 10, A, s7@naver.com, http://www.naver.com, 力格7, 郴侩7, admin, 2014-10-07 16:01:53.0, null, 2014-10-07 16:01:53.0, Y
[10:17:15][DEBUG](JakartaCommonsLoggingImpl.java:27) - <==        Row: 11, A, s8@naver.com, http://www.naver.com, 力格8, 郴侩8, admin, 2014-10-07 16:01:58.0, null, 2014-10-07 16:01:58.0, Y
[10:17:15][DEBUG](JakartaCommonsLoggingImpl.java:27) - <==        Row: 12, A, s9@naver.com, http://www.naver.com, 力格9, 郴侩9, admin, 2014-10-07 16:02:05.0, null, 2014-10-07 16:02:05.0, Y
[10:17:15][DEBUG](JakartaCommonsLoggingImpl.java:27) - <==        Row: 13, A, s10@naver.com, http://www.naver.com, 力格10, 郴侩10, admin, 2014-10-07 16:15:08.0, null, 2014-10-07 16:15:08.0, Y
[10:17:15][DEBUG](JakartaCommonsLoggingImpl.java:27) - <==        Row: 14, A, s11@naver.com1, http://www.naver.com, 力格111, 郴侩111, admin, 2014-10-07 16:15:14.0, admin, 2014-10-08 09:20:04.0, Y
[10:17:15][DEBUG](JakartaCommonsLoggingImpl.java:27) - <==        Row: 15, A, s12@naver.com, http://www.naver.com, 力格12, 郴侩12, admin, 2014-10-07 16:15:23.0, null, 2014-10-07 16:15:23.0, Y
[10:17:15][DEBUG](JakartaCommonsLoggingImpl.java:27) - <==        Row: 16, A, s13@naver.com, http://www.naver.com, 力格13, 郴侩13, admin, 2014-10-07 16:15:30.0, null, 2014-10-07 16:15:30.0, Y
[10:17:15][DEBUG](JakartaCommonsLoggingImpl.java:27) - <==        Row: 17, A, s14@naver.com, http://www.naver.com, 力格14, 郴侩14, admin, 2014-10-07 16:15:37.0, null, 2014-10-07 16:15:37.0, Y
[10:17:15][DEBUG](JakartaCommonsLoggingImpl.java:27) - <==        Row: 18, A, s15@naver.com, http://www.naver.com, 力格15, 郴侩15, admin, 2014-10-07 16:15:45.0, null, 2014-10-07 16:15:45.0, Y
[10:17:15][DEBUG](JakartaCommonsLoggingImpl.java:27) - <==        Row: 19, A, s16@naver.com, http://www.naver.com, 力格16, 郴侩16, admin, 2014-10-07 16:16:24.0, null, 2014-10-07 16:16:24.0, Y
[10:17:15][DEBUG](JakartaCommonsLoggingImpl.java:27) - <==        Row: 20, A, s17@naver.com, http://www.naver.com, 力格17, 郴侩17, admin, 2014-10-07 16:16:31.0, null, 2014-10-07 16:16:31.0, Y
[10:17:15][DEBUG](JakartaCommonsLoggingImpl.java:27) - <==        Row: 21, A, s18@naver.com, http://www.naver.com, 力格18, 郴侩18, admin, 2014-10-07 16:16:37.0, null, 2014-10-07 16:16:37.0, Y
[10:17:15][DEBUG](JakartaCommonsLoggingImpl.java:27) - <==        Row: 22, A, s19@naver.com, http://www.naver.com, 力格19, 郴侩19, admin, 2014-10-07 16:16:43.0, null, 2014-10-07 16:16:43.0, Y
[10:17:15][DEBUG](JakartaCommonsLoggingImpl.java:27) - <==        Row: 23, A, s20@naver.com, http://www.naver.com, 力格20, 郴侩201, admin, 2014-10-07 16:16:52.0, admin, 2014-10-07 16:25:19.0, Y
[10:17:15][INFO ](AbstractApplicationContext.java:503) - Refreshing org.springframework.web.context.support.GenericWebApplicationContext@1e58565: startup date [Wed Oct 08 10:17:15 KST 2014]; parent: WebApplicationContext for namespace 'appServlet-servlet'
[10:17:15][INFO ](DefaultListableBeanFactory.java:577) - Pre-instantiating singletons in org.springframework.beans.factory.support.DefaultListableBeanFactory@10cc9b4: defining beans [multiformat-view.test]; parent: org.springframework.beans.factory.support.DefaultListableBeanFactory@1a1f370
[10:17:15][INFO ](AbstractJasperReportsView.java:506) - Compiling Jasper Report loaded from ServletContext resource [/WEB-INF/view/reports/report2.jrxml]
[10:17:23][DEBUG](JakartaCommonsLoggingImpl.java:27) - ooo Connection Opened
[10:17:23][DEBUG](JakartaCommonsLoggingImpl.java:27) - ==>  Executing: SELECT * FROM (SELECT T0.*, FLOOR((ROWNUM - 1) / ? + 1) PAGE FROM ( SELECT BNO,BTYPE,EMAIL,HOMEPAGE,TITLE,CONTENT,REG_ID,REGDATE,MOD_ID,MODDATE,DISPLAY_YN FROM BOARD WHERE BTYPE = ? AND DISPLAY_YN = ? ) T0 ) WHERE PAGE = ? 
[10:17:23][DEBUG](JakartaCommonsLoggingImpl.java:27) - ==> Parameters: 10(String), A(String), Y(String), 1(String)
[10:17:23][DEBUG](JakartaCommonsLoggingImpl.java:27) - <==    Columns: BNO, BTYPE, EMAIL, HOMEPAGE, TITLE, CONTENT, REG_ID, REGDATE, MOD_ID, MODDATE, DISPLAY_YN, PAGE
[10:17:23][DEBUG](JakartaCommonsLoggingImpl.java:27) - <==        Row: 5, A, s2@naver.com, http://www.naver.com, 力格2, 郴侩2, admin, 2014-10-07 16:01:19.0, null, 2014-10-07 16:01:19.0, Y, 1
[10:17:23][DEBUG](JakartaCommonsLoggingImpl.java:27) - <==        Row: 6, A, s3@naver.com, http://www.naver.com, 力格3, 郴侩3, admin, 2014-10-07 16:01:27.0, null, 2014-10-07 16:01:27.0, Y, 1
[10:17:23][DEBUG](JakartaCommonsLoggingImpl.java:27) - <==        Row: 7, A, s4@naver.com, http://www.naver.com, 力格4, 郴侩4, admin, 2014-10-07 16:01:34.0, null, 2014-10-07 16:01:34.0, Y, 1
[10:17:23][DEBUG](JakartaCommonsLoggingImpl.java:27) - <==        Row: 8, A, s5@naver.com, http://www.naver.com, 力格5, 郴侩5, admin, 2014-10-07 16:01:40.0, null, 2014-10-07 16:01:40.0, Y, 1
[10:17:23][DEBUG](JakartaCommonsLoggingImpl.java:27) - <==        Row: 9, A, s6@naver.com, http://www.naver.com, 力格6, 郴侩6, admin, 2014-10-07 16:01:46.0, null, 2014-10-07 16:01:46.0, Y, 1
[10:17:23][DEBUG](JakartaCommonsLoggingImpl.java:27) - <==        Row: 10, A, s7@naver.com, http://www.naver.com, 力格7, 郴侩7, admin, 2014-10-07 16:01:53.0, null, 2014-10-07 16:01:53.0, Y, 1
[10:17:23][DEBUG](JakartaCommonsLoggingImpl.java:27) - <==        Row: 11, A, s8@naver.com, http://www.naver.com, 力格8, 郴侩8, admin, 2014-10-07 16:01:58.0, null, 2014-10-07 16:01:58.0, Y, 1
[10:17:23][DEBUG](JakartaCommonsLoggingImpl.java:27) - <==        Row: 12, A, s9@naver.com, http://www.naver.com, 力格9, 郴侩9, admin, 2014-10-07 16:02:05.0, null, 2014-10-07 16:02:05.0, Y, 1
[10:17:23][DEBUG](JakartaCommonsLoggingImpl.java:27) - <==        Row: 13, A, s10@naver.com, http://www.naver.com, 力格10, 郴侩10, admin, 2014-10-07 16:15:08.0, null, 2014-10-07 16:15:08.0, Y, 1
[10:17:23][DEBUG](JakartaCommonsLoggingImpl.java:27) - <==        Row: 14, A, s11@naver.com1, http://www.naver.com, 力格111, 郴侩111, admin, 2014-10-07 16:15:14.0, admin, 2014-10-08 09:20:04.0, Y, 1
[10:17:23][DEBUG](JakartaCommonsLoggingImpl.java:27) - ooo Connection Opened
[10:17:23][DEBUG](JakartaCommonsLoggingImpl.java:27) - ==>  Executing: SELECT COUNT(*) FROM BOARD WHERE BTYPE = ? AND DISPLAY_YN = ? 
[10:17:23][DEBUG](JakartaCommonsLoggingImpl.java:27) - ==> Parameters: A(String), Y(String)
[10:17:23][DEBUG](JakartaCommonsLoggingImpl.java:27) - <==    Columns: COUNT(*)
[10:17:23][DEBUG](JakartaCommonsLoggingImpl.java:27) - <==        Row: 19
[10:19:18][INFO ](AbstractApplicationContext.java:1032) - Closing WebApplicationContext for namespace 'appServlet-servlet': startup date [Wed Oct 08 10:16:46 KST 2014]; parent: Root WebApplicationContext
[10:19:18][INFO ](DefaultSingletonBeanRegistry.java:434) - Destroying singletons in org.springframework.beans.factory.support.DefaultListableBeanFactory@1a1f370: defining beans [org.springframework.web.servlet.mvc.method.annotation.RequestMappingHandlerMapping#0,org.springframework.format.support.FormattingConversionServiceFactoryBean#0,org.springframework.web.servlet.mvc.method.annotation.RequestMappingHandlerAdapter#0,org.springframework.web.servlet.handler.MappedInterceptor#0,org.springframework.web.servlet.mvc.method.annotation.ExceptionHandlerExceptionResolver#0,org.springframework.web.servlet.mvc.annotation.ResponseStatusExceptionResolver#0,org.springframework.web.servlet.mvc.support.DefaultHandlerExceptionResolver#0,org.springframework.web.servlet.handler.BeanNameUrlHandlerMapping,org.springframework.web.servlet.mvc.HttpRequestHandlerAdapter,org.springframework.web.servlet.mvc.SimpleControllerHandlerAdapter,org.springframework.web.servlet.resource.ResourceHttpRequestHandler#0,org.springframework.web.servlet.handler.SimpleUrlHandlerMapping#0,boardController,reportController,org.springframework.context.annotation.internalConfigurationAnnotationProcessor,org.springframework.context.annotation.internalAutowiredAnnotationProcessor,org.springframework.context.annotation.internalRequiredAnnotationProcessor,org.springframework.context.annotation.internalCommonAnnotationProcessor,org.springframework.web.servlet.mvc.annotation.DefaultAnnotationHandlerMapping#0,org.springframework.web.servlet.view.InternalResourceViewResolver#0,viewMappings,org.springframework.web.servlet.handler.MappedInterceptor#1,org.springframework.context.annotation.ConfigurationClassPostProcessor.importAwareProcessor]; parent: org.springframework.beans.factory.support.DefaultListableBeanFactory@74db2c
[10:19:18][INFO ](AbstractApplicationContext.java:1032) - Closing org.springframework.web.context.support.GenericWebApplicationContext@1e58565: startup date [Wed Oct 08 10:17:15 KST 2014]; parent: WebApplicationContext for namespace 'appServlet-servlet'
[10:19:18][INFO ](DefaultSingletonBeanRegistry.java:434) - Destroying singletons in org.springframework.beans.factory.support.DefaultListableBeanFactory@10cc9b4: defining beans [multiformat-view.test]; parent: org.springframework.beans.factory.support.DefaultListableBeanFactory@1a1f370
[10:19:18][INFO ](AbstractApplicationContext.java:1032) - Closing Root WebApplicationContext: startup date [Wed Oct 08 10:16:46 KST 2014]; root of context hierarchy
[10:19:18][INFO ](DefaultSingletonBeanRegistry.java:434) - Destroying singletons in org.springframework.beans.factory.support.DefaultListableBeanFactory@74db2c: defining beans [org.springframework.beans.factory.config.PropertyPlaceholderConfigurer#0,dataSource,sqlSessionFactory,sqlSession,transactionManager,transactionTemplate,org.springframework.aop.config.internalAutoProxyCreator,org.springframework.transaction.annotation.AnnotationTransactionAttributeSource#0,org.springframework.transaction.interceptor.TransactionInterceptor#0,org.springframework.transaction.config.internalTransactionAdvisor,boardDao,boardService,org.springframework.context.annotation.internalConfigurationAnnotationProcessor,org.springframework.context.annotation.internalAutowiredAnnotationProcessor,org.springframework.context.annotation.internalRequiredAnnotationProcessor,org.springframework.context.annotation.internalCommonAnnotationProcessor,org.springframework.context.annotation.ConfigurationClassPostProcessor.importAwareProcessor]; root of factory hierarchy
[10:19:42][INFO ](ContextLoader.java:272) - Root WebApplicationContext: initialization started
[10:19:42][INFO ](AbstractApplicationContext.java:503) - Refreshing Root WebApplicationContext: startup date [Wed Oct 08 10:19:42 KST 2014]; root of context hierarchy
[10:19:43][INFO ](XmlBeanDefinitionReader.java:315) - Loading XML bean definitions from ServletContext resource [/WEB-INF/config/mybatis-context.xml]
[10:19:43][INFO ](XmlBeanDefinitionReader.java:315) - Loading XML bean definitions from ServletContext resource [/WEB-INF/config/application-context.xml]
[10:19:43][INFO ](ClassPathScanningCandidateComponentProvider.java:203) - JSR-250 'javax.annotation.ManagedBean' found and supported for component scanning
[10:19:43][INFO ](PropertiesLoaderSupport.java:177) - Loading properties file from ServletContext resource [/WEB-INF/config/database.properties]
[10:19:43][INFO ](DefaultListableBeanFactory.java:577) - Pre-instantiating singletons in org.springframework.beans.factory.support.DefaultListableBeanFactory@74db2c: defining beans [org.springframework.beans.factory.config.PropertyPlaceholderConfigurer#0,dataSource,sqlSessionFactory,sqlSession,transactionManager,transactionTemplate,org.springframework.aop.config.internalAutoProxyCreator,org.springframework.transaction.annotation.AnnotationTransactionAttributeSource#0,org.springframework.transaction.interceptor.TransactionInterceptor#0,org.springframework.transaction.config.internalTransactionAdvisor,boardDao,boardService,org.springframework.context.annotation.internalConfigurationAnnotationProcessor,org.springframework.context.annotation.internalAutowiredAnnotationProcessor,org.springframework.context.annotation.internalRequiredAnnotationProcessor,org.springframework.context.annotation.internalCommonAnnotationProcessor,org.springframework.context.annotation.ConfigurationClassPostProcessor.importAwareProcessor]; root of factory hierarchy
[10:19:43][INFO ](ContextLoader.java:312) - Root WebApplicationContext: initialization completed in 513 ms
[10:19:43][INFO ](FrameworkServlet.java:444) - FrameworkServlet 'appServlet': initialization started
[10:19:43][INFO ](AbstractApplicationContext.java:503) - Refreshing WebApplicationContext for namespace 'appServlet-servlet': startup date [Wed Oct 08 10:19:43 KST 2014]; parent: Root WebApplicationContext
[10:19:43][INFO ](XmlBeanDefinitionReader.java:315) - Loading XML bean definitions from ServletContext resource [/WEB-INF/config/spring-servlet.xml]
[10:19:43][INFO ](DefaultListableBeanFactory.java:577) - Pre-instantiating singletons in org.springframework.beans.factory.support.DefaultListableBeanFactory@2153fe: defining beans [org.springframework.web.servlet.mvc.method.annotation.RequestMappingHandlerMapping#0,org.springframework.format.support.FormattingConversionServiceFactoryBean#0,org.springframework.web.servlet.mvc.method.annotation.RequestMappingHandlerAdapter#0,org.springframework.web.servlet.handler.MappedInterceptor#0,org.springframework.web.servlet.mvc.method.annotation.ExceptionHandlerExceptionResolver#0,org.springframework.web.servlet.mvc.annotation.ResponseStatusExceptionResolver#0,org.springframework.web.servlet.mvc.support.DefaultHandlerExceptionResolver#0,org.springframework.web.servlet.handler.BeanNameUrlHandlerMapping,org.springframework.web.servlet.mvc.HttpRequestHandlerAdapter,org.springframework.web.servlet.mvc.SimpleControllerHandlerAdapter,org.springframework.web.servlet.resource.ResourceHttpRequestHandler#0,org.springframework.web.servlet.handler.SimpleUrlHandlerMapping#0,boardController,reportController,org.springframework.context.annotation.internalConfigurationAnnotationProcessor,org.springframework.context.annotation.internalAutowiredAnnotationProcessor,org.springframework.context.annotation.internalRequiredAnnotationProcessor,org.springframework.context.annotation.internalCommonAnnotationProcessor,org.springframework.web.servlet.mvc.annotation.DefaultAnnotationHandlerMapping#0,org.springframework.web.servlet.view.InternalResourceViewResolver#0,viewMappings,org.springframework.web.servlet.handler.MappedInterceptor#1,org.springframework.context.annotation.ConfigurationClassPostProcessor.importAwareProcessor]; parent: org.springframework.beans.factory.support.DefaultListableBeanFactory@74db2c
[10:19:43][INFO ](AbstractHandlerMethodMapping.java:186) - Mapped "{[/board/list.do],methods=[],params=[],headers=[],consumes=[],produces=[],custom=[]}" onto public org.springframework.web.servlet.ModelAndView com.hana.board.controller.BoardController.boardList(javax.servlet.http.HttpServletRequest)
[10:19:43][INFO ](AbstractHandlerMethodMapping.java:186) - Mapped "{[/board/gridList.do],methods=[],params=[],headers=[],consumes=[],produces=[],custom=[]}" onto public void com.hana.board.controller.BoardController.boardGridList(javax.servlet.http.HttpServletRequest,javax.servlet.http.HttpServletResponse) throws java.io.IOException
[10:19:43][INFO ](AbstractHandlerMethodMapping.java:186) - Mapped "{[/board/proc.do],methods=[],params=[],headers=[],consumes=[],produces=[],custom=[]}" onto public void com.hana.board.controller.BoardController.boardProc(javax.servlet.http.HttpServletRequest,javax.servlet.http.HttpServletResponse) throws java.lang.Exception
[10:19:43][INFO ](AbstractHandlerMethodMapping.java:186) - Mapped "{[/jasperDemo.do],methods=[GET],params=[],headers=[],consumes=[],produces=[],custom=[]}" onto public org.springframework.web.servlet.ModelAndView com.hana.jasper.controller.ReportController.jasperDemo(javax.servlet.http.HttpServletRequest) throws java.lang.Exception
[10:19:43][INFO ](AbstractUrlHandlerMapping.java:314) - Mapped URL path [/asset/**] onto handler 'org.springframework.web.servlet.resource.ResourceHttpRequestHandler#0'
[10:19:43][INFO ](AbstractUrlHandlerMapping.java:314) - Mapped URL path [/board/list.do] onto handler 'boardController'
[10:19:43][INFO ](AbstractUrlHandlerMapping.java:314) - Mapped URL path [/board/gridList.do] onto handler 'boardController'
[10:19:43][INFO ](AbstractUrlHandlerMapping.java:314) - Mapped URL path [/board/proc.do] onto handler 'boardController'
[10:19:43][INFO ](AbstractUrlHandlerMapping.java:314) - Mapped URL path [/jasperDemo.do] onto handler 'reportController'
[10:19:43][INFO ](FrameworkServlet.java:463) - FrameworkServlet 'appServlet': initialization completed in 293 ms
[10:19:54][DEBUG](JakartaCommonsLoggingImpl.java:27) - ooo Connection Opened
[10:19:54][DEBUG](JakartaCommonsLoggingImpl.java:27) - ==>  Executing: SELECT BNO,BTYPE,EMAIL,HOMEPAGE,TITLE,CONTENT,REG_ID,REGDATE,MOD_ID,MODDATE,DISPLAY_YN FROM BOARD WHERE BTYPE = ? AND DISPLAY_YN = ? 
[10:19:54][DEBUG](JakartaCommonsLoggingImpl.java:27) - ==> Parameters: A(String), Y(String)
[10:19:54][DEBUG](JakartaCommonsLoggingImpl.java:27) - <==    Columns: BNO, BTYPE, EMAIL, HOMEPAGE, TITLE, CONTENT, REG_ID, REGDATE, MOD_ID, MODDATE, DISPLAY_YN
[10:19:54][DEBUG](JakartaCommonsLoggingImpl.java:27) - <==        Row: 5, A, s2@naver.com, http://www.naver.com, 力格2, 郴侩2, admin, 2014-10-07 16:01:19.0, null, 2014-10-07 16:01:19.0, Y
[10:19:54][DEBUG](JakartaCommonsLoggingImpl.java:27) - <==        Row: 6, A, s3@naver.com, http://www.naver.com, 力格3, 郴侩3, admin, 2014-10-07 16:01:27.0, null, 2014-10-07 16:01:27.0, Y
[10:19:54][DEBUG](JakartaCommonsLoggingImpl.java:27) - <==        Row: 7, A, s4@naver.com, http://www.naver.com, 力格4, 郴侩4, admin, 2014-10-07 16:01:34.0, null, 2014-10-07 16:01:34.0, Y
[10:19:54][DEBUG](JakartaCommonsLoggingImpl.java:27) - <==        Row: 8, A, s5@naver.com, http://www.naver.com, 力格5, 郴侩5, admin, 2014-10-07 16:01:40.0, null, 2014-10-07 16:01:40.0, Y
[10:19:54][DEBUG](JakartaCommonsLoggingImpl.java:27) - <==        Row: 9, A, s6@naver.com, http://www.naver.com, 力格6, 郴侩6, admin, 2014-10-07 16:01:46.0, null, 2014-10-07 16:01:46.0, Y
[10:19:54][DEBUG](JakartaCommonsLoggingImpl.java:27) - <==        Row: 10, A, s7@naver.com, http://www.naver.com, 力格7, 郴侩7, admin, 2014-10-07 16:01:53.0, null, 2014-10-07 16:01:53.0, Y
[10:19:54][DEBUG](JakartaCommonsLoggingImpl.java:27) - <==        Row: 11, A, s8@naver.com, http://www.naver.com, 力格8, 郴侩8, admin, 2014-10-07 16:01:58.0, null, 2014-10-07 16:01:58.0, Y
[10:19:54][DEBUG](JakartaCommonsLoggingImpl.java:27) - <==        Row: 12, A, s9@naver.com, http://www.naver.com, 力格9, 郴侩9, admin, 2014-10-07 16:02:05.0, null, 2014-10-07 16:02:05.0, Y
[10:19:54][DEBUG](JakartaCommonsLoggingImpl.java:27) - <==        Row: 13, A, s10@naver.com, http://www.naver.com, 力格10, 郴侩10, admin, 2014-10-07 16:15:08.0, null, 2014-10-07 16:15:08.0, Y
[10:19:54][DEBUG](JakartaCommonsLoggingImpl.java:27) - <==        Row: 14, A, s11@naver.com1, http://www.naver.com, 力格111, 郴侩111, admin, 2014-10-07 16:15:14.0, admin, 2014-10-08 09:20:04.0, Y
[10:19:54][DEBUG](JakartaCommonsLoggingImpl.java:27) - <==        Row: 15, A, s12@naver.com, http://www.naver.com, 力格12, 郴侩12, admin, 2014-10-07 16:15:23.0, null, 2014-10-07 16:15:23.0, Y
[10:19:54][DEBUG](JakartaCommonsLoggingImpl.java:27) - <==        Row: 16, A, s13@naver.com, http://www.naver.com, 力格13, 郴侩13, admin, 2014-10-07 16:15:30.0, null, 2014-10-07 16:15:30.0, Y
[10:19:54][DEBUG](JakartaCommonsLoggingImpl.java:27) - <==        Row: 17, A, s14@naver.com, http://www.naver.com, 力格14, 郴侩14, admin, 2014-10-07 16:15:37.0, null, 2014-10-07 16:15:37.0, Y
[10:19:54][DEBUG](JakartaCommonsLoggingImpl.java:27) - <==        Row: 18, A, s15@naver.com, http://www.naver.com, 力格15, 郴侩15, admin, 2014-10-07 16:15:45.0, null, 2014-10-07 16:15:45.0, Y
[10:19:54][DEBUG](JakartaCommonsLoggingImpl.java:27) - <==        Row: 19, A, s16@naver.com, http://www.naver.com, 力格16, 郴侩16, admin, 2014-10-07 16:16:24.0, null, 2014-10-07 16:16:24.0, Y
[10:19:54][DEBUG](JakartaCommonsLoggingImpl.java:27) - <==        Row: 20, A, s17@naver.com, http://www.naver.com, 力格17, 郴侩17, admin, 2014-10-07 16:16:31.0, null, 2014-10-07 16:16:31.0, Y
[10:19:54][DEBUG](JakartaCommonsLoggingImpl.java:27) - <==        Row: 21, A, s18@naver.com, http://www.naver.com, 力格18, 郴侩18, admin, 2014-10-07 16:16:37.0, null, 2014-10-07 16:16:37.0, Y
[10:19:54][DEBUG](JakartaCommonsLoggingImpl.java:27) - <==        Row: 22, A, s19@naver.com, http://www.naver.com, 力格19, 郴侩19, admin, 2014-10-07 16:16:43.0, null, 2014-10-07 16:16:43.0, Y
[10:19:54][DEBUG](JakartaCommonsLoggingImpl.java:27) - <==        Row: 23, A, s20@naver.com, http://www.naver.com, 力格20, 郴侩201, admin, 2014-10-07 16:16:52.0, admin, 2014-10-07 16:25:19.0, Y
[10:19:54][INFO ](AbstractApplicationContext.java:503) - Refreshing org.springframework.web.context.support.GenericWebApplicationContext@a34b91: startup date [Wed Oct 08 10:19:54 KST 2014]; parent: WebApplicationContext for namespace 'appServlet-servlet'
[10:19:54][INFO ](DefaultListableBeanFactory.java:577) - Pre-instantiating singletons in org.springframework.beans.factory.support.DefaultListableBeanFactory@2b2057: defining beans [multiformat-view.test]; parent: org.springframework.beans.factory.support.DefaultListableBeanFactory@2153fe
[10:19:54][INFO ](AbstractJasperReportsView.java:506) - Compiling Jasper Report loaded from ServletContext resource [/WEB-INF/view/reports/report2.jrxml]
[10:19:56][DEBUG](JakartaCommonsLoggingImpl.java:27) - ooo Connection Opened
[10:19:56][DEBUG](JakartaCommonsLoggingImpl.java:27) - ==>  Executing: SELECT * FROM (SELECT T0.*, FLOOR((ROWNUM - 1) / ? + 1) PAGE FROM ( SELECT BNO,BTYPE,EMAIL,HOMEPAGE,TITLE,CONTENT,REG_ID,REGDATE,MOD_ID,MODDATE,DISPLAY_YN FROM BOARD WHERE BTYPE = ? AND DISPLAY_YN = ? ) T0 ) WHERE PAGE = ? 
[10:19:56][DEBUG](JakartaCommonsLoggingImpl.java:27) - ==> Parameters: 10(String), A(String), Y(String), 1(String)
[10:19:56][DEBUG](JakartaCommonsLoggingImpl.java:27) - <==    Columns: BNO, BTYPE, EMAIL, HOMEPAGE, TITLE, CONTENT, REG_ID, REGDATE, MOD_ID, MODDATE, DISPLAY_YN, PAGE
[10:19:56][DEBUG](JakartaCommonsLoggingImpl.java:27) - <==        Row: 5, A, s2@naver.com, http://www.naver.com, 力格2, 郴侩2, admin, 2014-10-07 16:01:19.0, null, 2014-10-07 16:01:19.0, Y, 1
[10:19:56][DEBUG](JakartaCommonsLoggingImpl.java:27) - <==        Row: 6, A, s3@naver.com, http://www.naver.com, 力格3, 郴侩3, admin, 2014-10-07 16:01:27.0, null, 2014-10-07 16:01:27.0, Y, 1
[10:19:56][DEBUG](JakartaCommonsLoggingImpl.java:27) - <==        Row: 7, A, s4@naver.com, http://www.naver.com, 力格4, 郴侩4, admin, 2014-10-07 16:01:34.0, null, 2014-10-07 16:01:34.0, Y, 1
[10:19:56][DEBUG](JakartaCommonsLoggingImpl.java:27) - <==        Row: 8, A, s5@naver.com, http://www.naver.com, 力格5, 郴侩5, admin, 2014-10-07 16:01:40.0, null, 2014-10-07 16:01:40.0, Y, 1
[10:19:56][DEBUG](JakartaCommonsLoggingImpl.java:27) - <==        Row: 9, A, s6@naver.com, http://www.naver.com, 力格6, 郴侩6, admin, 2014-10-07 16:01:46.0, null, 2014-10-07 16:01:46.0, Y, 1
[10:19:56][DEBUG](JakartaCommonsLoggingImpl.java:27) - <==        Row: 10, A, s7@naver.com, http://www.naver.com, 力格7, 郴侩7, admin, 2014-10-07 16:01:53.0, null, 2014-10-07 16:01:53.0, Y, 1
[10:19:56][DEBUG](JakartaCommonsLoggingImpl.java:27) - <==        Row: 11, A, s8@naver.com, http://www.naver.com, 力格8, 郴侩8, admin, 2014-10-07 16:01:58.0, null, 2014-10-07 16:01:58.0, Y, 1
[10:19:56][DEBUG](JakartaCommonsLoggingImpl.java:27) - <==        Row: 12, A, s9@naver.com, http://www.naver.com, 力格9, 郴侩9, admin, 2014-10-07 16:02:05.0, null, 2014-10-07 16:02:05.0, Y, 1
[10:19:56][DEBUG](JakartaCommonsLoggingImpl.java:27) - <==        Row: 13, A, s10@naver.com, http://www.naver.com, 力格10, 郴侩10, admin, 2014-10-07 16:15:08.0, null, 2014-10-07 16:15:08.0, Y, 1
[10:19:56][DEBUG](JakartaCommonsLoggingImpl.java:27) - <==        Row: 14, A, s11@naver.com1, http://www.naver.com, 力格111, 郴侩111, admin, 2014-10-07 16:15:14.0, admin, 2014-10-08 09:20:04.0, Y, 1
[10:19:56][DEBUG](JakartaCommonsLoggingImpl.java:27) - ooo Connection Opened
[10:19:56][DEBUG](JakartaCommonsLoggingImpl.java:27) - ==>  Executing: SELECT COUNT(*) FROM BOARD WHERE BTYPE = ? AND DISPLAY_YN = ? 
[10:19:56][DEBUG](JakartaCommonsLoggingImpl.java:27) - ==> Parameters: A(String), Y(String)
[10:19:56][DEBUG](JakartaCommonsLoggingImpl.java:27) - <==    Columns: COUNT(*)
[10:19:56][DEBUG](JakartaCommonsLoggingImpl.java:27) - <==        Row: 19
[10:20:10][DEBUG](JakartaCommonsLoggingImpl.java:27) - ooo Connection Opened
[10:20:10][DEBUG](JakartaCommonsLoggingImpl.java:27) - ==>  Executing: SELECT SQ_BOARD.NEXTVAL FROM DUAL 
[10:20:10][DEBUG](JakartaCommonsLoggingImpl.java:27) - ==> Parameters: 
[10:20:10][DEBUG](JakartaCommonsLoggingImpl.java:27) - <==    Columns: NEXTVAL
[10:20:10][DEBUG](JakartaCommonsLoggingImpl.java:27) - <==        Row: 28
[10:20:10][DEBUG](JakartaCommonsLoggingImpl.java:27) - ==>  Executing: INSERT INTO BOARD(BNO,BTYPE,EMAIL,HOMEPAGE,TITLE,CONTENT,REG_ID,REGDATE,DISPLAY_YN)VALUES(?, ?, ?,?, ?, ?, ?, SYSDATE, ?) 
[10:20:10][DEBUG](JakartaCommonsLoggingImpl.java:27) - ==> Parameters: 28(Integer), A(String), 12(String), WQ(String), Q(String), Q(String), admin(String), Y(String)
[10:20:10][DEBUG](JakartaCommonsLoggingImpl.java:27) - ooo Connection Opened
[10:20:10][DEBUG](JakartaCommonsLoggingImpl.java:27) - ==>  Executing: SELECT * FROM (SELECT T0.*, FLOOR((ROWNUM - 1) / ? + 1) PAGE FROM ( SELECT BNO,BTYPE,EMAIL,HOMEPAGE,TITLE,CONTENT,REG_ID,REGDATE,MOD_ID,MODDATE,DISPLAY_YN FROM BOARD WHERE BTYPE = ? AND DISPLAY_YN = ? ) T0 ) WHERE PAGE = ? 
[10:20:10][DEBUG](JakartaCommonsLoggingImpl.java:27) - ==> Parameters: 10(String), A(String), Y(String), 1(String)
[10:20:10][DEBUG](JakartaCommonsLoggingImpl.java:27) - <==    Columns: BNO, BTYPE, EMAIL, HOMEPAGE, TITLE, CONTENT, REG_ID, REGDATE, MOD_ID, MODDATE, DISPLAY_YN, PAGE
[10:20:10][DEBUG](JakartaCommonsLoggingImpl.java:27) - <==        Row: 5, A, s2@naver.com, http://www.naver.com, 力格2, 郴侩2, admin, 2014-10-07 16:01:19.0, null, 2014-10-07 16:01:19.0, Y, 1
[10:20:10][DEBUG](JakartaCommonsLoggingImpl.java:27) - <==        Row: 6, A, s3@naver.com, http://www.naver.com, 力格3, 郴侩3, admin, 2014-10-07 16:01:27.0, null, 2014-10-07 16:01:27.0, Y, 1
[10:20:10][DEBUG](JakartaCommonsLoggingImpl.java:27) - <==        Row: 7, A, s4@naver.com, http://www.naver.com, 力格4, 郴侩4, admin, 2014-10-07 16:01:34.0, null, 2014-10-07 16:01:34.0, Y, 1
[10:20:10][DEBUG](JakartaCommonsLoggingImpl.java:27) - <==        Row: 8, A, s5@naver.com, http://www.naver.com, 力格5, 郴侩5, admin, 2014-10-07 16:01:40.0, null, 2014-10-07 16:01:40.0, Y, 1
[10:20:10][DEBUG](JakartaCommonsLoggingImpl.java:27) - <==        Row: 9, A, s6@naver.com, http://www.naver.com, 力格6, 郴侩6, admin, 2014-10-07 16:01:46.0, null, 2014-10-07 16:01:46.0, Y, 1
[10:20:10][DEBUG](JakartaCommonsLoggingImpl.java:27) - <==        Row: 10, A, s7@naver.com, http://www.naver.com, 力格7, 郴侩7, admin, 2014-10-07 16:01:53.0, null, 2014-10-07 16:01:53.0, Y, 1
[10:20:10][DEBUG](JakartaCommonsLoggingImpl.java:27) - <==        Row: 11, A, s8@naver.com, http://www.naver.com, 力格8, 郴侩8, admin, 2014-10-07 16:01:58.0, null, 2014-10-07 16:01:58.0, Y, 1
[10:20:10][DEBUG](JakartaCommonsLoggingImpl.java:27) - <==        Row: 12, A, s9@naver.com, http://www.naver.com, 力格9, 郴侩9, admin, 2014-10-07 16:02:05.0, null, 2014-10-07 16:02:05.0, Y, 1
[10:20:10][DEBUG](JakartaCommonsLoggingImpl.java:27) - <==        Row: 13, A, s10@naver.com, http://www.naver.com, 力格10, 郴侩10, admin, 2014-10-07 16:15:08.0, null, 2014-10-07 16:15:08.0, Y, 1
[10:20:10][DEBUG](JakartaCommonsLoggingImpl.java:27) - <==        Row: 14, A, s11@naver.com1, http://www.naver.com, 力格111, 郴侩111, admin, 2014-10-07 16:15:14.0, admin, 2014-10-08 09:20:04.0, Y, 1
[10:20:10][DEBUG](JakartaCommonsLoggingImpl.java:27) - ooo Connection Opened
[10:20:10][DEBUG](JakartaCommonsLoggingImpl.java:27) - ==>  Executing: SELECT COUNT(*) FROM BOARD WHERE BTYPE = ? AND DISPLAY_YN = ? 
[10:20:10][DEBUG](JakartaCommonsLoggingImpl.java:27) - ==> Parameters: A(String), Y(String)
[10:20:10][DEBUG](JakartaCommonsLoggingImpl.java:27) - <==    Columns: COUNT(*)
[10:20:10][DEBUG](JakartaCommonsLoggingImpl.java:27) - <==        Row: 20
[10:20:15][DEBUG](JakartaCommonsLoggingImpl.java:27) - ooo Connection Opened
[10:20:15][DEBUG](JakartaCommonsLoggingImpl.java:27) - ==>  Executing: SELECT * FROM (SELECT T0.*, FLOOR((ROWNUM - 1) / ? + 1) PAGE FROM ( SELECT BNO,BTYPE,EMAIL,HOMEPAGE,TITLE,CONTENT,REG_ID,REGDATE,MOD_ID,MODDATE,DISPLAY_YN FROM BOARD WHERE BTYPE = ? AND DISPLAY_YN = ? ) T0 ) WHERE PAGE = ? 
[10:20:15][DEBUG](JakartaCommonsLoggingImpl.java:27) - ==> Parameters: 10(String), A(String), Y(String), 2(String)
[10:20:15][DEBUG](JakartaCommonsLoggingImpl.java:27) - <==    Columns: BNO, BTYPE, EMAIL, HOMEPAGE, TITLE, CONTENT, REG_ID, REGDATE, MOD_ID, MODDATE, DISPLAY_YN, PAGE
[10:20:15][DEBUG](JakartaCommonsLoggingImpl.java:27) - <==        Row: 15, A, s12@naver.com, http://www.naver.com, 力格12, 郴侩12, admin, 2014-10-07 16:15:23.0, null, 2014-10-07 16:15:23.0, Y, 2
[10:20:15][DEBUG](JakartaCommonsLoggingImpl.java:27) - <==        Row: 16, A, s13@naver.com, http://www.naver.com, 力格13, 郴侩13, admin, 2014-10-07 16:15:30.0, null, 2014-10-07 16:15:30.0, Y, 2
[10:20:15][DEBUG](JakartaCommonsLoggingImpl.java:27) - <==        Row: 17, A, s14@naver.com, http://www.naver.com, 力格14, 郴侩14, admin, 2014-10-07 16:15:37.0, null, 2014-10-07 16:15:37.0, Y, 2
[10:20:15][DEBUG](JakartaCommonsLoggingImpl.java:27) - <==        Row: 18, A, s15@naver.com, http://www.naver.com, 力格15, 郴侩15, admin, 2014-10-07 16:15:45.0, null, 2014-10-07 16:15:45.0, Y, 2
[10:20:15][DEBUG](JakartaCommonsLoggingImpl.java:27) - <==        Row: 19, A, s16@naver.com, http://www.naver.com, 力格16, 郴侩16, admin, 2014-10-07 16:16:24.0, null, 2014-10-07 16:16:24.0, Y, 2
[10:20:15][DEBUG](JakartaCommonsLoggingImpl.java:27) - <==        Row: 20, A, s17@naver.com, http://www.naver.com, 力格17, 郴侩17, admin, 2014-10-07 16:16:31.0, null, 2014-10-07 16:16:31.0, Y, 2
[10:20:15][DEBUG](JakartaCommonsLoggingImpl.java:27) - <==        Row: 21, A, s18@naver.com, http://www.naver.com, 力格18, 郴侩18, admin, 2014-10-07 16:16:37.0, null, 2014-10-07 16:16:37.0, Y, 2
[10:20:15][DEBUG](JakartaCommonsLoggingImpl.java:27) - <==        Row: 22, A, s19@naver.com, http://www.naver.com, 力格19, 郴侩19, admin, 2014-10-07 16:16:43.0, null, 2014-10-07 16:16:43.0, Y, 2
[10:20:15][DEBUG](JakartaCommonsLoggingImpl.java:27) - <==        Row: 23, A, s20@naver.com, http://www.naver.com, 力格20, 郴侩201, admin, 2014-10-07 16:16:52.0, admin, 2014-10-07 16:25:19.0, Y, 2
[10:20:15][DEBUG](JakartaCommonsLoggingImpl.java:27) - <==        Row: 28, A, 12, WQ, Q, Q, admin, 2014-10-08 10:20:05.0, null, null, Y, 2
[10:20:15][DEBUG](JakartaCommonsLoggingImpl.java:27) - ooo Connection Opened
[10:20:15][DEBUG](JakartaCommonsLoggingImpl.java:27) - ==>  Executing: SELECT COUNT(*) FROM BOARD WHERE BTYPE = ? AND DISPLAY_YN = ? 
[10:20:15][DEBUG](JakartaCommonsLoggingImpl.java:27) - ==> Parameters: A(String), Y(String)
[10:20:15][DEBUG](JakartaCommonsLoggingImpl.java:27) - <==    Columns: COUNT(*)
[10:20:15][DEBUG](JakartaCommonsLoggingImpl.java:27) - <==        Row: 20
[10:20:20][DEBUG](JakartaCommonsLoggingImpl.java:27) - ooo Connection Opened
[10:20:20][DEBUG](JakartaCommonsLoggingImpl.java:27) - ==>  Executing: SELECT * FROM (SELECT T0.*, FLOOR((ROWNUM - 1) / ? + 1) PAGE FROM ( SELECT BNO,BTYPE,EMAIL,HOMEPAGE,TITLE,CONTENT,REG_ID,REGDATE,MOD_ID,MODDATE,DISPLAY_YN FROM BOARD WHERE BTYPE = ? AND DISPLAY_YN = ? ) T0 ) WHERE PAGE = ? 
[10:20:20][DEBUG](JakartaCommonsLoggingImpl.java:27) - ==> Parameters: 10(String), A(String), Y(String), 1(String)
[10:20:20][DEBUG](JakartaCommonsLoggingImpl.java:27) - <==    Columns: BNO, BTYPE, EMAIL, HOMEPAGE, TITLE, CONTENT, REG_ID, REGDATE, MOD_ID, MODDATE, DISPLAY_YN, PAGE
[10:20:20][DEBUG](JakartaCommonsLoggingImpl.java:27) - <==        Row: 5, A, s2@naver.com, http://www.naver.com, 力格2, 郴侩2, admin, 2014-10-07 16:01:19.0, null, 2014-10-07 16:01:19.0, Y, 1
[10:20:20][DEBUG](JakartaCommonsLoggingImpl.java:27) - <==        Row: 6, A, s3@naver.com, http://www.naver.com, 力格3, 郴侩3, admin, 2014-10-07 16:01:27.0, null, 2014-10-07 16:01:27.0, Y, 1
[10:20:20][DEBUG](JakartaCommonsLoggingImpl.java:27) - <==        Row: 7, A, s4@naver.com, http://www.naver.com, 力格4, 郴侩4, admin, 2014-10-07 16:01:34.0, null, 2014-10-07 16:01:34.0, Y, 1
[10:20:20][DEBUG](JakartaCommonsLoggingImpl.java:27) - <==        Row: 8, A, s5@naver.com, http://www.naver.com, 力格5, 郴侩5, admin, 2014-10-07 16:01:40.0, null, 2014-10-07 16:01:40.0, Y, 1
[10:20:20][DEBUG](JakartaCommonsLoggingImpl.java:27) - <==        Row: 9, A, s6@naver.com, http://www.naver.com, 力格6, 郴侩6, admin, 2014-10-07 16:01:46.0, null, 2014-10-07 16:01:46.0, Y, 1
[10:20:20][DEBUG](JakartaCommonsLoggingImpl.java:27) - <==        Row: 10, A, s7@naver.com, http://www.naver.com, 力格7, 郴侩7, admin, 2014-10-07 16:01:53.0, null, 2014-10-07 16:01:53.0, Y, 1
[10:20:20][DEBUG](JakartaCommonsLoggingImpl.java:27) - <==        Row: 11, A, s8@naver.com, http://www.naver.com, 力格8, 郴侩8, admin, 2014-10-07 16:01:58.0, null, 2014-10-07 16:01:58.0, Y, 1
[10:20:20][DEBUG](JakartaCommonsLoggingImpl.java:27) - <==        Row: 12, A, s9@naver.com, http://www.naver.com, 力格9, 郴侩9, admin, 2014-10-07 16:02:05.0, null, 2014-10-07 16:02:05.0, Y, 1
[10:20:20][DEBUG](JakartaCommonsLoggingImpl.java:27) - <==        Row: 13, A, s10@naver.com, http://www.naver.com, 力格10, 郴侩10, admin, 2014-10-07 16:15:08.0, null, 2014-10-07 16:15:08.0, Y, 1
[10:20:20][DEBUG](JakartaCommonsLoggingImpl.java:27) - <==        Row: 14, A, s11@naver.com1, http://www.naver.com, 力格111, 郴侩111, admin, 2014-10-07 16:15:14.0, admin, 2014-10-08 09:20:04.0, Y, 1
[10:20:20][DEBUG](JakartaCommonsLoggingImpl.java:27) - ooo Connection Opened
[10:20:20][DEBUG](JakartaCommonsLoggingImpl.java:27) - ==>  Executing: SELECT COUNT(*) FROM BOARD WHERE BTYPE = ? AND DISPLAY_YN = ? 
[10:20:20][DEBUG](JakartaCommonsLoggingImpl.java:27) - ==> Parameters: A(String), Y(String)
[10:20:20][DEBUG](JakartaCommonsLoggingImpl.java:27) - <==    Columns: COUNT(*)
[10:20:20][DEBUG](JakartaCommonsLoggingImpl.java:27) - <==        Row: 20
[10:21:23][INFO ](AbstractApplicationContext.java:1032) - Closing WebApplicationContext for namespace 'appServlet-servlet': startup date [Wed Oct 08 10:19:43 KST 2014]; parent: Root WebApplicationContext
[10:21:23][INFO ](DefaultSingletonBeanRegistry.java:434) - Destroying singletons in org.springframework.beans.factory.support.DefaultListableBeanFactory@2153fe: defining beans [org.springframework.web.servlet.mvc.method.annotation.RequestMappingHandlerMapping#0,org.springframework.format.support.FormattingConversionServiceFactoryBean#0,org.springframework.web.servlet.mvc.method.annotation.RequestMappingHandlerAdapter#0,org.springframework.web.servlet.handler.MappedInterceptor#0,org.springframework.web.servlet.mvc.method.annotation.ExceptionHandlerExceptionResolver#0,org.springframework.web.servlet.mvc.annotation.ResponseStatusExceptionResolver#0,org.springframework.web.servlet.mvc.support.DefaultHandlerExceptionResolver#0,org.springframework.web.servlet.handler.BeanNameUrlHandlerMapping,org.springframework.web.servlet.mvc.HttpRequestHandlerAdapter,org.springframework.web.servlet.mvc.SimpleControllerHandlerAdapter,org.springframework.web.servlet.resource.ResourceHttpRequestHandler#0,org.springframework.web.servlet.handler.SimpleUrlHandlerMapping#0,boardController,reportController,org.springframework.context.annotation.internalConfigurationAnnotationProcessor,org.springframework.context.annotation.internalAutowiredAnnotationProcessor,org.springframework.context.annotation.internalRequiredAnnotationProcessor,org.springframework.context.annotation.internalCommonAnnotationProcessor,org.springframework.web.servlet.mvc.annotation.DefaultAnnotationHandlerMapping#0,org.springframework.web.servlet.view.InternalResourceViewResolver#0,viewMappings,org.springframework.web.servlet.handler.MappedInterceptor#1,org.springframework.context.annotation.ConfigurationClassPostProcessor.importAwareProcessor]; parent: org.springframework.beans.factory.support.DefaultListableBeanFactory@74db2c
[10:21:23][INFO ](AbstractApplicationContext.java:1032) - Closing org.springframework.web.context.support.GenericWebApplicationContext@a34b91: startup date [Wed Oct 08 10:19:54 KST 2014]; parent: WebApplicationContext for namespace 'appServlet-servlet'
[10:21:23][INFO ](DefaultSingletonBeanRegistry.java:434) - Destroying singletons in org.springframework.beans.factory.support.DefaultListableBeanFactory@2b2057: defining beans [multiformat-view.test]; parent: org.springframework.beans.factory.support.DefaultListableBeanFactory@2153fe
[10:21:23][INFO ](AbstractApplicationContext.java:1032) - Closing Root WebApplicationContext: startup date [Wed Oct 08 10:19:42 KST 2014]; root of context hierarchy
[10:21:23][INFO ](DefaultSingletonBeanRegistry.java:434) - Destroying singletons in org.springframework.beans.factory.support.DefaultListableBeanFactory@74db2c: defining beans [org.springframework.beans.factory.config.PropertyPlaceholderConfigurer#0,dataSource,sqlSessionFactory,sqlSession,transactionManager,transactionTemplate,org.springframework.aop.config.internalAutoProxyCreator,org.springframework.transaction.annotation.AnnotationTransactionAttributeSource#0,org.springframework.transaction.interceptor.TransactionInterceptor#0,org.springframework.transaction.config.internalTransactionAdvisor,boardDao,boardService,org.springframework.context.annotation.internalConfigurationAnnotationProcessor,org.springframework.context.annotation.internalAutowiredAnnotationProcessor,org.springframework.context.annotation.internalRequiredAnnotationProcessor,org.springframework.context.annotation.internalCommonAnnotationProcessor,org.springframework.context.annotation.ConfigurationClassPostProcessor.importAwareProcessor]; root of factory hierarchy
